W0225 22:38:04.067000 2563175 site-packages/torch/distributed/run.py:792] 
W0225 22:38:04.067000 2563175 site-packages/torch/distributed/run.py:792] *****************************************
W0225 22:38:04.067000 2563175 site-packages/torch/distributed/run.py:792] Setting OMP_NUM_THREADS environment variable for each process to be 1 in default, to avoid your system being overloaded, please further tune the variable for optimal performance in your application as needed. 
W0225 22:38:04.067000 2563175 site-packages/torch/distributed/run.py:792] *****************************************
[2026-02-25 22:38:08,585][    INFO] {'backbone': 'dinov2_base',
 'batch_size': 2,
 'conf_thresh': 0.9,
 'config': 'configs/lutseg_supervised.yaml',
 'criterion': {'kwargs': {'ignore_index': 255}, 'name': 'CELoss'},
 'crop_size': 126,
 'data_root': 'data/LUTSeg',
 'dataset': 'lutseg',
 'deterministic': False,
 'double_batch_size': False,
 'epochs': 100,
 'labeled_id_path': 'splits/lutseg/1_16/labeled.txt',
 'local_rank': 0,
 'lock_backbone': True,
 'lr': 3e-06,
 'lr_multi': 20.0,
 'model': 'dpt',
 'nclass': 6,
 'ngpus': 2,
 'port': 39257,
 'pretrained_path': None,
 'save_path': 'exp/lutseg/supervised_table_baseline/dinov2_base/1_16/seed0',
 'seed': 0,
 'unlabeled_id_path': 'splits/lutseg/1_16/unlabeled.txt',
 'wandb': True,
 'wandb_entity': None,
 'wandb_name': None,
 'wandb_project': 'unimatch-v2-table-baselines',
 'wandb_tags': 'supervised,lutseg,split_1_16,seed_0,table_baseline'}

wandb: [wandb.login()] Loaded credentials for https://api.wandb.ai from /home/user/.netrc.
wandb: Currently logged in as: anon_user to https://api.wandb.ai. Use `wandb login --relogin` to force relogin
wandb: setting up run 8oouukx7
wandb: Tracking run with wandb version 0.24.1
wandb: Run data is saved locally in exp/lutseg/supervised_table_baseline/dinov2_base/1_16/seed0/wandb/run-20260225_223809-8oouukx7
wandb: Run `wandb offline` to turn off syncing.
wandb: Syncing run fancy-cloud-12
wandb: ⭐️ View project at https://wandb.ai/anon_user/unimatch-v2-table-baselines
wandb: 🚀 View run at https://wandb.ai/anon_user/unimatch-v2-table-baselines/runs/8oouukx7
[2026-02-25 22:38:13,499][    INFO] Total params: 97.5M

gpu609-08:2563195:2563195 [0] NCCL INFO NCCL_SOCKET_IFNAME set by environment to ib0
gpu609-08:2563195:2563195 [0] NCCL INFO Bootstrap : Using ib0:10.109.207.43<0>
gpu609-08:2563195:2563195 [0] NCCL INFO NET/Plugin: No plugin found (libnccl-net.so)
gpu609-08:2563195:2563195 [0] NCCL INFO NET/Plugin: Plugin load returned 2 : libnccl-net.so: cannot open shared object file: No such file or directory : when loading libnccl-net.so
gpu609-08:2563195:2563195 [0] NCCL INFO NET/Plugin: Using internal network plugin.
gpu609-08:2563195:2563195 [0] NCCL INFO cudaDriverVersion 12080
NCCL version 2.21.5+cuda12.4
gpu609-08:2563195:2563195 [0] NCCL INFO Comm config Blocking set to 1
gpu609-08:2563196:2563196 [1] NCCL INFO cudaDriverVersion 12080
gpu609-08:2563196:2563196 [1] NCCL INFO NCCL_SOCKET_IFNAME set by environment to ib0
gpu609-08:2563196:2563196 [1] NCCL INFO Bootstrap : Using ib0:10.109.207.43<0>
gpu609-08:2563196:2563196 [1] NCCL INFO NET/Plugin: No plugin found (libnccl-net.so)
gpu609-08:2563196:2563196 [1] NCCL INFO NET/Plugin: Plugin load returned 2 : libnccl-net.so: cannot open shared object file: No such file or directory : when loading libnccl-net.so
gpu609-08:2563196:2563196 [1] NCCL INFO NET/Plugin: Using internal network plugin.
gpu609-08:2563196:2563196 [1] NCCL INFO Comm config Blocking set to 1
gpu609-08:2563195:2563271 [0] NCCL INFO NCCL_SOCKET_IFNAME set by environment to ib0
gpu609-08:2563196:2563272 [1] NCCL INFO NCCL_SOCKET_IFNAME set by environment to ib0
gpu609-08:2563196:2563272 [1] NCCL INFO NET/IB : Using [0]mlx5_0:1/IB [RO]; OOB ib0:10.109.207.43<0>
gpu609-08:2563196:2563272 [1] NCCL INFO Using non-device net plugin version 0
gpu609-08:2563196:2563272 [1] NCCL INFO Using network IB
gpu609-08:2563195:2563271 [0] NCCL INFO NET/IB : Using [0]mlx5_0:1/IB [RO]; OOB ib0:10.109.207.43<0>
gpu609-08:2563195:2563271 [0] NCCL INFO Using non-device net plugin version 0
gpu609-08:2563195:2563271 [0] NCCL INFO Using network IB
gpu609-08:2563196:2563272 [1] NCCL INFO ncclCommInitRank comm 0xe35f5a0 rank 1 nranks 2 cudaDev 1 nvmlDev 1 busId 62000 commId 0x6a9c9932f3b0cc79 - Init START
gpu609-08:2563195:2563271 [0] NCCL INFO ncclCommInitRank comm 0xb954290 rank 0 nranks 2 cudaDev 0 nvmlDev 0 busId 61000 commId 0x6a9c9932f3b0cc79 - Init START
gpu609-08:2563196:2563272 [1] NCCL INFO Setting affinity for GPU 1 to 3ff9
gpu609-08:2563195:2563271 [0] NCCL INFO Setting affinity for GPU 0 to 3ff9
gpu609-08:2563196:2563272 [1] NCCL INFO comm 0xe35f5a0 rank 1 nRanks 2 nNodes 1 localRanks 2 localRank 1 MNNVL 0
gpu609-08:2563195:2563271 [0] NCCL INFO comm 0xb954290 rank 0 nRanks 2 nNodes 1 localRanks 2 localRank 0 MNNVL 0
gpu609-08:2563195:2563271 [0] NCCL INFO Channel 00/04 :    0   1
gpu609-08:2563196:2563272 [1] NCCL INFO Trees [0] -1/-1/-1->1->0 [1] 0/-1/-1->1->-1 [2] -1/-1/-1->1->0 [3] 0/-1/-1->1->-1
gpu609-08:2563195:2563271 [0] NCCL INFO Channel 01/04 :    0   1
gpu609-08:2563196:2563272 [1] NCCL INFO P2P Chunksize set to 524288
gpu609-08:2563195:2563271 [0] NCCL INFO Channel 02/04 :    0   1
gpu609-08:2563195:2563271 [0] NCCL INFO Channel 03/04 :    0   1
gpu609-08:2563195:2563271 [0] NCCL INFO Trees [0] 1/-1/-1->0->-1 [1] -1/-1/-1->0->1 [2] 1/-1/-1->0->-1 [3] -1/-1/-1->0->1
gpu609-08:2563195:2563271 [0] NCCL INFO P2P Chunksize set to 524288
gpu609-08:2563195:2563271 [0] NCCL INFO Channel 00/0 : 0[0] -> 1[1] via P2P/CUMEM
gpu609-08:2563196:2563272 [1] NCCL INFO Channel 00/0 : 1[1] -> 0[0] via P2P/CUMEM
gpu609-08:2563196:2563272 [1] NCCL INFO Channel 01/0 : 1[1] -> 0[0] via P2P/CUMEM
gpu609-08:2563195:2563271 [0] NCCL INFO Channel 01/0 : 0[0] -> 1[1] via P2P/CUMEM
gpu609-08:2563195:2563271 [0] NCCL INFO Channel 02/0 : 0[0] -> 1[1] via P2P/CUMEM
gpu609-08:2563196:2563272 [1] NCCL INFO Channel 02/0 : 1[1] -> 0[0] via P2P/CUMEM
gpu609-08:2563195:2563271 [0] NCCL INFO Channel 03/0 : 0[0] -> 1[1] via P2P/CUMEM
gpu609-08:2563196:2563272 [1] NCCL INFO Channel 03/0 : 1[1] -> 0[0] via P2P/CUMEM
gpu609-08:2563196:2563272 [1] NCCL INFO Connected all rings
gpu609-08:2563196:2563272 [1] NCCL INFO Connected all trees
gpu609-08:2563196:2563272 [1] NCCL INFO threadThresholds 8/8/64 | 16/8/64 | 512 | 512
gpu609-08:2563196:2563272 [1] NCCL INFO 4 coll channels, 4 collnet channels, 0 nvls channels, 4 p2p channels, 4 p2p channels per peer
gpu609-08:2563195:2563271 [0] NCCL INFO Connected all rings
gpu609-08:2563195:2563271 [0] NCCL INFO Connected all trees
gpu609-08:2563195:2563271 [0] NCCL INFO threadThresholds 8/8/64 | 16/8/64 | 512 | 512
gpu609-08:2563195:2563271 [0] NCCL INFO 4 coll channels, 4 collnet channels, 0 nvls channels, 4 p2p channels, 4 p2p channels per peer
gpu609-08:2563196:2563272 [1] NCCL INFO TUNER/Plugin: Plugin load returned 2 : libnccl-net.so: cannot open shared object file: No such file or directory : when loading libnccl-tuner.so
gpu609-08:2563195:2563271 [0] NCCL INFO TUNER/Plugin: Plugin load returned 2 : libnccl-net.so: cannot open shared object file: No such file or directory : when loading libnccl-tuner.so
gpu609-08:2563196:2563272 [1] NCCL INFO TUNER/Plugin: Using internal tuner plugin.
gpu609-08:2563195:2563271 [0] NCCL INFO TUNER/Plugin: Using internal tuner plugin.
gpu609-08:2563196:2563272 [1] NCCL INFO ncclCommInitRank comm 0xe35f5a0 rank 1 nranks 2 cudaDev 1 nvmlDev 1 busId 62000 commId 0x6a9c9932f3b0cc79 - Init COMPLETE
gpu609-08:2563195:2563271 [0] NCCL INFO ncclCommInitRank comm 0xb954290 rank 0 nranks 2 cudaDev 0 nvmlDev 0 busId 61000 commId 0x6a9c9932f3b0cc79 - Init COMPLETE
[2026-02-25 22:38:13,985][    INFO] No n_upsampled setting for dataset 'lutseg'; using natural dataset size.
[2026-02-25 22:38:13,987][    INFO] ===========> Epoch: 0, LR: 0.0000030, Previous best: 0.00
/opt/venv/lib/python3.10/site-packages/torch/autograd/graph.py:823: UserWarning: Grad strides do not match bucket view strides. This may indicate grad was not created according to the gradient layout contract, or that the param's strides changed since DDP was constructed.  This is not an error, but may impair performance.
grad.sizes() = [6, 128, 1, 1], strides() = [128, 1, 128, 128]
bucket_view.sizes() = [6, 128, 1, 1], strides() = [128, 1, 1, 1] (Triggered internally at /pytorch/torch/csrc/distributed/c10d/reducer.cpp:327.)
  return Variable._execution_engine.run_backward(  # Calls into the C++ engine to run the backward pass
/opt/venv/lib/python3.10/site-packages/torch/autograd/graph.py:823: UserWarning: Grad strides do not match bucket view strides. This may indicate grad was not created according to the gradient layout contract, or that the param's strides changed since DDP was constructed.  This is not an error, but may impair performance.
grad.sizes() = [6, 128, 1, 1], strides() = [128, 1, 128, 128]
bucket_view.sizes() = [6, 128, 1, 1], strides() = [128, 1, 1, 1] (Triggered internally at /pytorch/torch/csrc/distributed/c10d/reducer.cpp:327.)
  return Variable._execution_engine.run_backward(  # Calls into the C++ engine to run the backward pass
[2026-02-25 22:38:15,462][    INFO] Iters: 0, Total loss: 1.853
[2026-02-25 22:39:51,816][    INFO] ***** Evaluation ***** >>>> Class [0 background] IoU: 1.65
[2026-02-25 22:39:51,816][    INFO] ***** Evaluation ***** >>>> Class [1 epithelial tissue] IoU: 7.11
[2026-02-25 22:39:51,816][    INFO] ***** Evaluation ***** >>>> Class [2 slough] IoU: 0.00
[2026-02-25 22:39:51,817][    INFO] ***** Evaluation ***** >>>> Class [3 granulation tissue] IoU: 0.26
[2026-02-25 22:39:51,817][    INFO] ***** Evaluation ***** >>>> Class [4 necrotic tissue] IoU: 0.07
[2026-02-25 22:39:51,817][    INFO] ***** Evaluation ***** >>>> Class [5 other] IoU: 0.00
[2026-02-25 22:39:51,817][    INFO] ***** Evaluation original ***** >>>> MeanIoU: 1.51

[2026-02-25 22:39:52,860][    INFO] ===========> Epoch: 1, LR: 0.0000030, Previous best: 1.51
[2026-02-25 22:39:54,175][    INFO] Iters: 0, Total loss: 1.763
[2026-02-25 22:41:11,607][    INFO] ***** Evaluation ***** >>>> Class [0 background] IoU: 45.96
[2026-02-25 22:41:11,607][    INFO] ***** Evaluation ***** >>>> Class [1 epithelial tissue] IoU: 10.26
[2026-02-25 22:41:11,608][    INFO] ***** Evaluation ***** >>>> Class [2 slough] IoU: 0.00
[2026-02-25 22:41:11,608][    INFO] ***** Evaluation ***** >>>> Class [3 granulation tissue] IoU: 0.20
[2026-02-25 22:41:11,608][    INFO] ***** Evaluation ***** >>>> Class [4 necrotic tissue] IoU: 0.05
[2026-02-25 22:41:11,608][    INFO] ***** Evaluation ***** >>>> Class [5 other] IoU: 0.00
[2026-02-25 22:41:11,608][    INFO] ***** Evaluation original ***** >>>> MeanIoU: 9.41

[2026-02-25 22:41:12,811][    INFO] ===========> Epoch: 2, LR: 0.0000030, Previous best: 9.41
[2026-02-25 22:41:13,388][    INFO] Iters: 0, Total loss: 1.684
[2026-02-25 22:42:31,077][    INFO] ***** Evaluation ***** >>>> Class [0 background] IoU: 88.94
[2026-02-25 22:42:31,078][    INFO] ***** Evaluation ***** >>>> Class [1 epithelial tissue] IoU: 19.44
[2026-02-25 22:42:31,078][    INFO] ***** Evaluation ***** >>>> Class [2 slough] IoU: 0.00
[2026-02-25 22:42:31,078][    INFO] ***** Evaluation ***** >>>> Class [3 granulation tissue] IoU: 0.02
[2026-02-25 22:42:31,078][    INFO] ***** Evaluation ***** >>>> Class [4 necrotic tissue] IoU: 0.02
[2026-02-25 22:42:31,078][    INFO] ***** Evaluation ***** >>>> Class [5 other] IoU: 0.00
[2026-02-25 22:42:31,078][    INFO] ***** Evaluation original ***** >>>> MeanIoU: 18.07

[2026-02-25 22:42:32,249][    INFO] ===========> Epoch: 3, LR: 0.0000029, Previous best: 18.07
[2026-02-25 22:42:32,971][    INFO] Iters: 0, Total loss: 1.484
[2026-02-25 22:43:50,662][    INFO] ***** Evaluation ***** >>>> Class [0 background] IoU: 91.53
[2026-02-25 22:43:50,663][    INFO] ***** Evaluation ***** >>>> Class [1 epithelial tissue] IoU: 4.98
[2026-02-25 22:43:50,663][    INFO] ***** Evaluation ***** >>>> Class [2 slough] IoU: 0.00
[2026-02-25 22:43:50,663][    INFO] ***** Evaluation ***** >>>> Class [3 granulation tissue] IoU: 0.00
[2026-02-25 22:43:50,663][    INFO] ***** Evaluation ***** >>>> Class [4 necrotic tissue] IoU: 0.00
[2026-02-25 22:43:50,663][    INFO] ***** Evaluation ***** >>>> Class [5 other] IoU: 0.00
[2026-02-25 22:43:50,663][    INFO] ***** Evaluation original ***** >>>> MeanIoU: 16.08

[2026-02-25 22:43:51,283][    INFO] ===========> Epoch: 4, LR: 0.0000029, Previous best: 18.07
[2026-02-25 22:43:52,440][    INFO] Iters: 0, Total loss: 1.298
[2026-02-25 22:45:10,123][    INFO] ***** Evaluation ***** >>>> Class [0 background] IoU: 91.35
[2026-02-25 22:45:10,123][    INFO] ***** Evaluation ***** >>>> Class [1 epithelial tissue] IoU: 0.08
[2026-02-25 22:45:10,123][    INFO] ***** Evaluation ***** >>>> Class [2 slough] IoU: 0.00
[2026-02-25 22:45:10,123][    INFO] ***** Evaluation ***** >>>> Class [3 granulation tissue] IoU: 0.00
[2026-02-25 22:45:10,124][    INFO] ***** Evaluation ***** >>>> Class [4 necrotic tissue] IoU: 0.00
[2026-02-25 22:45:10,124][    INFO] ***** Evaluation ***** >>>> Class [5 other] IoU: 0.00
[2026-02-25 22:45:10,124][    INFO] ***** Evaluation original ***** >>>> MeanIoU: 15.24

[2026-02-25 22:45:10,733][    INFO] ===========> Epoch: 5, LR: 0.0000029, Previous best: 18.07
[2026-02-25 22:45:11,472][    INFO] Iters: 0, Total loss: 1.111
[2026-02-25 22:46:29,134][    INFO] ***** Evaluation ***** >>>> Class [0 background] IoU: 91.35
[2026-02-25 22:46:29,135][    INFO] ***** Evaluation ***** >>>> Class [1 epithelial tissue] IoU: 0.00
[2026-02-25 22:46:29,135][    INFO] ***** Evaluation ***** >>>> Class [2 slough] IoU: 0.00
[2026-02-25 22:46:29,135][    INFO] ***** Evaluation ***** >>>> Class [3 granulation tissue] IoU: 0.00
[2026-02-25 22:46:29,135][    INFO] ***** Evaluation ***** >>>> Class [4 necrotic tissue] IoU: 0.00
[2026-02-25 22:46:29,135][    INFO] ***** Evaluation ***** >>>> Class [5 other] IoU: 0.00
[2026-02-25 22:46:29,136][    INFO] ***** Evaluation original ***** >>>> MeanIoU: 15.23

[2026-02-25 22:46:29,754][    INFO] ===========> Epoch: 6, LR: 0.0000029, Previous best: 18.07
[2026-02-25 22:46:30,200][    INFO] Iters: 0, Total loss: 0.751
[2026-02-25 22:47:47,859][    INFO] ***** Evaluation ***** >>>> Class [0 background] IoU: 91.35
[2026-02-25 22:47:47,859][    INFO] ***** Evaluation ***** >>>> Class [1 epithelial tissue] IoU: 0.00
[2026-02-25 22:47:47,859][    INFO] ***** Evaluation ***** >>>> Class [2 slough] IoU: 0.00
[2026-02-25 22:47:47,860][    INFO] ***** Evaluation ***** >>>> Class [3 granulation tissue] IoU: 0.00
[2026-02-25 22:47:47,860][    INFO] ***** Evaluation ***** >>>> Class [4 necrotic tissue] IoU: 0.00
[2026-02-25 22:47:47,860][    INFO] ***** Evaluation ***** >>>> Class [5 other] IoU: 0.00
[2026-02-25 22:47:47,860][    INFO] ***** Evaluation original ***** >>>> MeanIoU: 15.23

[2026-02-25 22:47:48,445][    INFO] ===========> Epoch: 7, LR: 0.0000028, Previous best: 18.07
[2026-02-25 22:47:49,187][    INFO] Iters: 0, Total loss: 0.584
[2026-02-25 22:49:06,832][    INFO] ***** Evaluation ***** >>>> Class [0 background] IoU: 91.35
[2026-02-25 22:49:06,832][    INFO] ***** Evaluation ***** >>>> Class [1 epithelial tissue] IoU: 0.00
[2026-02-25 22:49:06,833][    INFO] ***** Evaluation ***** >>>> Class [2 slough] IoU: 0.00
[2026-02-25 22:49:06,833][    INFO] ***** Evaluation ***** >>>> Class [3 granulation tissue] IoU: 0.00
[2026-02-25 22:49:06,833][    INFO] ***** Evaluation ***** >>>> Class [4 necrotic tissue] IoU: 0.00
[2026-02-25 22:49:06,833][    INFO] ***** Evaluation ***** >>>> Class [5 other] IoU: 0.00
[2026-02-25 22:49:06,833][    INFO] ***** Evaluation original ***** >>>> MeanIoU: 15.23

[2026-02-25 22:49:07,431][    INFO] ===========> Epoch: 8, LR: 0.0000028, Previous best: 18.07
[2026-02-25 22:49:07,912][    INFO] Iters: 0, Total loss: 1.341
[2026-02-25 22:50:25,579][    INFO] ***** Evaluation ***** >>>> Class [0 background] IoU: 91.35
[2026-02-25 22:50:25,580][    INFO] ***** Evaluation ***** >>>> Class [1 epithelial tissue] IoU: 0.00
[2026-02-25 22:50:25,580][    INFO] ***** Evaluation ***** >>>> Class [2 slough] IoU: 0.00
[2026-02-25 22:50:25,580][    INFO] ***** Evaluation ***** >>>> Class [3 granulation tissue] IoU: 0.00
[2026-02-25 22:50:25,580][    INFO] ***** Evaluation ***** >>>> Class [4 necrotic tissue] IoU: 0.00
[2026-02-25 22:50:25,580][    INFO] ***** Evaluation ***** >>>> Class [5 other] IoU: 0.00
[2026-02-25 22:50:25,580][    INFO] ***** Evaluation original ***** >>>> MeanIoU: 15.23

[2026-02-25 22:50:26,165][    INFO] ===========> Epoch: 9, LR: 0.0000028, Previous best: 18.07
[2026-02-25 22:50:27,116][    INFO] Iters: 0, Total loss: 0.097
[2026-02-25 22:51:44,761][    INFO] ***** Evaluation ***** >>>> Class [0 background] IoU: 91.35
[2026-02-25 22:51:44,762][    INFO] ***** Evaluation ***** >>>> Class [1 epithelial tissue] IoU: 0.00
[2026-02-25 22:51:44,762][    INFO] ***** Evaluation ***** >>>> Class [2 slough] IoU: 0.00
[2026-02-25 22:51:44,762][    INFO] ***** Evaluation ***** >>>> Class [3 granulation tissue] IoU: 0.00
[2026-02-25 22:51:44,762][    INFO] ***** Evaluation ***** >>>> Class [4 necrotic tissue] IoU: 0.00
[2026-02-25 22:51:44,762][    INFO] ***** Evaluation ***** >>>> Class [5 other] IoU: 0.00
[2026-02-25 22:51:44,763][    INFO] ***** Evaluation original ***** >>>> MeanIoU: 15.23

[2026-02-25 22:51:45,350][    INFO] ===========> Epoch: 10, LR: 0.0000028, Previous best: 18.07
[2026-02-25 22:51:46,288][    INFO] Iters: 0, Total loss: 0.197
[2026-02-25 22:53:03,907][    INFO] ***** Evaluation ***** >>>> Class [0 background] IoU: 91.35
[2026-02-25 22:53:03,908][    INFO] ***** Evaluation ***** >>>> Class [1 epithelial tissue] IoU: 0.00
[2026-02-25 22:53:03,908][    INFO] ***** Evaluation ***** >>>> Class [2 slough] IoU: 0.00
[2026-02-25 22:53:03,908][    INFO] ***** Evaluation ***** >>>> Class [3 granulation tissue] IoU: 0.00
[2026-02-25 22:53:03,908][    INFO] ***** Evaluation ***** >>>> Class [4 necrotic tissue] IoU: 0.00
[2026-02-25 22:53:03,909][    INFO] ***** Evaluation ***** >>>> Class [5 other] IoU: 0.00
[2026-02-25 22:53:03,909][    INFO] ***** Evaluation original ***** >>>> MeanIoU: 15.23

[2026-02-25 22:53:04,515][    INFO] ===========> Epoch: 11, LR: 0.0000027, Previous best: 18.07
[2026-02-25 22:53:05,103][    INFO] Iters: 0, Total loss: 0.026
[2026-02-25 22:54:22,726][    INFO] ***** Evaluation ***** >>>> Class [0 background] IoU: 91.35
[2026-02-25 22:54:22,727][    INFO] ***** Evaluation ***** >>>> Class [1 epithelial tissue] IoU: 0.00
[2026-02-25 22:54:22,727][    INFO] ***** Evaluation ***** >>>> Class [2 slough] IoU: 0.00
[2026-02-25 22:54:22,727][    INFO] ***** Evaluation ***** >>>> Class [3 granulation tissue] IoU: 0.00
[2026-02-25 22:54:22,727][    INFO] ***** Evaluation ***** >>>> Class [4 necrotic tissue] IoU: 0.00
[2026-02-25 22:54:22,727][    INFO] ***** Evaluation ***** >>>> Class [5 other] IoU: 0.00
[2026-02-25 22:54:22,728][    INFO] ***** Evaluation original ***** >>>> MeanIoU: 15.23

[2026-02-25 22:54:23,334][    INFO] ===========> Epoch: 12, LR: 0.0000027, Previous best: 18.07
[2026-02-25 22:54:24,201][    INFO] Iters: 0, Total loss: 0.084
[2026-02-25 22:55:41,818][    INFO] ***** Evaluation ***** >>>> Class [0 background] IoU: 91.35
[2026-02-25 22:55:41,819][    INFO] ***** Evaluation ***** >>>> Class [1 epithelial tissue] IoU: 0.00
[2026-02-25 22:55:41,819][    INFO] ***** Evaluation ***** >>>> Class [2 slough] IoU: 0.00
[2026-02-25 22:55:41,819][    INFO] ***** Evaluation ***** >>>> Class [3 granulation tissue] IoU: 0.00
[2026-02-25 22:55:41,819][    INFO] ***** Evaluation ***** >>>> Class [4 necrotic tissue] IoU: 0.00
[2026-02-25 22:55:41,819][    INFO] ***** Evaluation ***** >>>> Class [5 other] IoU: 0.00
[2026-02-25 22:55:41,819][    INFO] ***** Evaluation original ***** >>>> MeanIoU: 15.23

[2026-02-25 22:55:42,397][    INFO] ===========> Epoch: 13, LR: 0.0000027, Previous best: 18.07
[2026-02-25 22:55:42,998][    INFO] Iters: 0, Total loss: 0.304
[2026-02-25 22:57:00,636][    INFO] ***** Evaluation ***** >>>> Class [0 background] IoU: 91.35
[2026-02-25 22:57:00,636][    INFO] ***** Evaluation ***** >>>> Class [1 epithelial tissue] IoU: 0.00
[2026-02-25 22:57:00,636][    INFO] ***** Evaluation ***** >>>> Class [2 slough] IoU: 0.00
[2026-02-25 22:57:00,637][    INFO] ***** Evaluation ***** >>>> Class [3 granulation tissue] IoU: 0.00
[2026-02-25 22:57:00,637][    INFO] ***** Evaluation ***** >>>> Class [4 necrotic tissue] IoU: 0.00
[2026-02-25 22:57:00,637][    INFO] ***** Evaluation ***** >>>> Class [5 other] IoU: 0.00
[2026-02-25 22:57:00,637][    INFO] ***** Evaluation original ***** >>>> MeanIoU: 15.23

[2026-02-25 22:57:01,207][    INFO] ===========> Epoch: 14, LR: 0.0000026, Previous best: 18.07
[2026-02-25 22:57:01,816][    INFO] Iters: 0, Total loss: 1.677
[2026-02-25 22:58:19,460][    INFO] ***** Evaluation ***** >>>> Class [0 background] IoU: 91.35
[2026-02-25 22:58:19,460][    INFO] ***** Evaluation ***** >>>> Class [1 epithelial tissue] IoU: 0.00
[2026-02-25 22:58:19,460][    INFO] ***** Evaluation ***** >>>> Class [2 slough] IoU: 0.00
[2026-02-25 22:58:19,460][    INFO] ***** Evaluation ***** >>>> Class [3 granulation tissue] IoU: 0.00
[2026-02-25 22:58:19,461][    INFO] ***** Evaluation ***** >>>> Class [4 necrotic tissue] IoU: 0.00
[2026-02-25 22:58:19,461][    INFO] ***** Evaluation ***** >>>> Class [5 other] IoU: 0.00
[2026-02-25 22:58:19,461][    INFO] ***** Evaluation original ***** >>>> MeanIoU: 15.23

[2026-02-25 22:58:20,036][    INFO] ===========> Epoch: 15, LR: 0.0000026, Previous best: 18.07
[2026-02-25 22:58:20,684][    INFO] Iters: 0, Total loss: 0.022
[2026-02-25 22:59:38,326][    INFO] ***** Evaluation ***** >>>> Class [0 background] IoU: 91.35
[2026-02-25 22:59:38,327][    INFO] ***** Evaluation ***** >>>> Class [1 epithelial tissue] IoU: 0.00
[2026-02-25 22:59:38,327][    INFO] ***** Evaluation ***** >>>> Class [2 slough] IoU: 0.00
[2026-02-25 22:59:38,327][    INFO] ***** Evaluation ***** >>>> Class [3 granulation tissue] IoU: 0.00
[2026-02-25 22:59:38,327][    INFO] ***** Evaluation ***** >>>> Class [4 necrotic tissue] IoU: 0.00
[2026-02-25 22:59:38,327][    INFO] ***** Evaluation ***** >>>> Class [5 other] IoU: 0.00
[2026-02-25 22:59:38,327][    INFO] ***** Evaluation original ***** >>>> MeanIoU: 15.23

[2026-02-25 22:59:38,941][    INFO] ===========> Epoch: 16, LR: 0.0000026, Previous best: 18.07
[2026-02-25 22:59:39,728][    INFO] Iters: 0, Total loss: 0.009
[2026-02-25 23:00:57,375][    INFO] ***** Evaluation ***** >>>> Class [0 background] IoU: 91.35
[2026-02-25 23:00:57,376][    INFO] ***** Evaluation ***** >>>> Class [1 epithelial tissue] IoU: 0.00
[2026-02-25 23:00:57,376][    INFO] ***** Evaluation ***** >>>> Class [2 slough] IoU: 0.00
[2026-02-25 23:00:57,376][    INFO] ***** Evaluation ***** >>>> Class [3 granulation tissue] IoU: 0.00
[2026-02-25 23:00:57,377][    INFO] ***** Evaluation ***** >>>> Class [4 necrotic tissue] IoU: 0.00
[2026-02-25 23:00:57,377][    INFO] ***** Evaluation ***** >>>> Class [5 other] IoU: 0.00
[2026-02-25 23:00:57,377][    INFO] ***** Evaluation original ***** >>>> MeanIoU: 15.23

[2026-02-25 23:00:57,998][    INFO] ===========> Epoch: 17, LR: 0.0000026, Previous best: 18.07
[2026-02-25 23:00:58,266][    INFO] Iters: 0, Total loss: 1.478
[2026-02-25 23:02:15,942][    INFO] ***** Evaluation ***** >>>> Class [0 background] IoU: 91.35
[2026-02-25 23:02:15,942][    INFO] ***** Evaluation ***** >>>> Class [1 epithelial tissue] IoU: 0.00
[2026-02-25 23:02:15,943][    INFO] ***** Evaluation ***** >>>> Class [2 slough] IoU: 0.00
[2026-02-25 23:02:15,943][    INFO] ***** Evaluation ***** >>>> Class [3 granulation tissue] IoU: 0.00
[2026-02-25 23:02:15,943][    INFO] ***** Evaluation ***** >>>> Class [4 necrotic tissue] IoU: 0.00
[2026-02-25 23:02:15,943][    INFO] ***** Evaluation ***** >>>> Class [5 other] IoU: 0.00
[2026-02-25 23:02:15,943][    INFO] ***** Evaluation original ***** >>>> MeanIoU: 15.23

[2026-02-25 23:02:16,544][    INFO] ===========> Epoch: 18, LR: 0.0000025, Previous best: 18.07
[2026-02-25 23:02:17,310][    INFO] Iters: 0, Total loss: 0.024
[2026-02-25 23:03:35,005][    INFO] ***** Evaluation ***** >>>> Class [0 background] IoU: 91.36
[2026-02-25 23:03:35,006][    INFO] ***** Evaluation ***** >>>> Class [1 epithelial tissue] IoU: 0.03
[2026-02-25 23:03:35,006][    INFO] ***** Evaluation ***** >>>> Class [2 slough] IoU: 0.00
[2026-02-25 23:03:35,006][    INFO] ***** Evaluation ***** >>>> Class [3 granulation tissue] IoU: 0.00
[2026-02-25 23:03:35,006][    INFO] ***** Evaluation ***** >>>> Class [4 necrotic tissue] IoU: 0.00
[2026-02-25 23:03:35,006][    INFO] ***** Evaluation ***** >>>> Class [5 other] IoU: 0.00
[2026-02-25 23:03:35,006][    INFO] ***** Evaluation original ***** >>>> MeanIoU: 15.23

[2026-02-25 23:03:35,632][    INFO] ===========> Epoch: 19, LR: 0.0000025, Previous best: 18.07
[2026-02-25 23:03:36,168][    INFO] Iters: 0, Total loss: 1.748
[2026-02-25 23:04:53,856][    INFO] ***** Evaluation ***** >>>> Class [0 background] IoU: 91.39
[2026-02-25 23:04:53,857][    INFO] ***** Evaluation ***** >>>> Class [1 epithelial tissue] IoU: 0.25
[2026-02-25 23:04:53,857][    INFO] ***** Evaluation ***** >>>> Class [2 slough] IoU: 0.00
[2026-02-25 23:04:53,857][    INFO] ***** Evaluation ***** >>>> Class [3 granulation tissue] IoU: 0.00
[2026-02-25 23:04:53,857][    INFO] ***** Evaluation ***** >>>> Class [4 necrotic tissue] IoU: 0.00
[2026-02-25 23:04:53,857][    INFO] ***** Evaluation ***** >>>> Class [5 other] IoU: 0.00
[2026-02-25 23:04:53,857][    INFO] ***** Evaluation original ***** >>>> MeanIoU: 15.27

[2026-02-25 23:04:54,480][    INFO] ===========> Epoch: 20, LR: 0.0000025, Previous best: 18.07
[2026-02-25 23:04:54,654][    INFO] Iters: 0, Total loss: 1.706
[2026-02-25 23:06:12,354][    INFO] ***** Evaluation ***** >>>> Class [0 background] IoU: 91.47
[2026-02-25 23:06:12,354][    INFO] ***** Evaluation ***** >>>> Class [1 epithelial tissue] IoU: 0.77
[2026-02-25 23:06:12,355][    INFO] ***** Evaluation ***** >>>> Class [2 slough] IoU: 0.00
[2026-02-25 23:06:12,355][    INFO] ***** Evaluation ***** >>>> Class [3 granulation tissue] IoU: 0.00
[2026-02-25 23:06:12,355][    INFO] ***** Evaluation ***** >>>> Class [4 necrotic tissue] IoU: 0.00
[2026-02-25 23:06:12,355][    INFO] ***** Evaluation ***** >>>> Class [5 other] IoU: 0.00
[2026-02-25 23:06:12,355][    INFO] ***** Evaluation original ***** >>>> MeanIoU: 15.37

[2026-02-25 23:06:12,950][    INFO] ===========> Epoch: 21, LR: 0.0000025, Previous best: 18.07
[2026-02-25 23:06:13,880][    INFO] Iters: 0, Total loss: 0.087
[2026-02-25 23:07:31,556][    INFO] ***** Evaluation ***** >>>> Class [0 background] IoU: 91.63
[2026-02-25 23:07:31,556][    INFO] ***** Evaluation ***** >>>> Class [1 epithelial tissue] IoU: 1.54
[2026-02-25 23:07:31,556][    INFO] ***** Evaluation ***** >>>> Class [2 slough] IoU: 0.00
[2026-02-25 23:07:31,556][    INFO] ***** Evaluation ***** >>>> Class [3 granulation tissue] IoU: 0.02
[2026-02-25 23:07:31,556][    INFO] ***** Evaluation ***** >>>> Class [4 necrotic tissue] IoU: 0.00
[2026-02-25 23:07:31,557][    INFO] ***** Evaluation ***** >>>> Class [5 other] IoU: 0.00
[2026-02-25 23:07:31,557][    INFO] ***** Evaluation original ***** >>>> MeanIoU: 15.53

[2026-02-25 23:07:32,170][    INFO] ===========> Epoch: 22, LR: 0.0000024, Previous best: 18.07
[2026-02-25 23:07:33,145][    INFO] Iters: 0, Total loss: 0.084
[2026-02-25 23:08:50,812][    INFO] ***** Evaluation ***** >>>> Class [0 background] IoU: 91.87
[2026-02-25 23:08:50,813][    INFO] ***** Evaluation ***** >>>> Class [1 epithelial tissue] IoU: 2.54
[2026-02-25 23:08:50,813][    INFO] ***** Evaluation ***** >>>> Class [2 slough] IoU: 0.00
[2026-02-25 23:08:50,813][    INFO] ***** Evaluation ***** >>>> Class [3 granulation tissue] IoU: 0.25
[2026-02-25 23:08:50,813][    INFO] ***** Evaluation ***** >>>> Class [4 necrotic tissue] IoU: 0.00
[2026-02-25 23:08:50,813][    INFO] ***** Evaluation ***** >>>> Class [5 other] IoU: 0.00
[2026-02-25 23:08:50,813][    INFO] ***** Evaluation original ***** >>>> MeanIoU: 15.78

[2026-02-25 23:08:51,426][    INFO] ===========> Epoch: 23, LR: 0.0000024, Previous best: 18.07
[2026-02-25 23:08:52,291][    INFO] Iters: 0, Total loss: 0.554
[2026-02-25 23:10:09,954][    INFO] ***** Evaluation ***** >>>> Class [0 background] IoU: 92.25
[2026-02-25 23:10:09,954][    INFO] ***** Evaluation ***** >>>> Class [1 epithelial tissue] IoU: 3.81
[2026-02-25 23:10:09,954][    INFO] ***** Evaluation ***** >>>> Class [2 slough] IoU: 0.00
[2026-02-25 23:10:09,955][    INFO] ***** Evaluation ***** >>>> Class [3 granulation tissue] IoU: 0.82
[2026-02-25 23:10:09,955][    INFO] ***** Evaluation ***** >>>> Class [4 necrotic tissue] IoU: 0.00
[2026-02-25 23:10:09,955][    INFO] ***** Evaluation ***** >>>> Class [5 other] IoU: 0.00
[2026-02-25 23:10:09,955][    INFO] ***** Evaluation original ***** >>>> MeanIoU: 16.15

[2026-02-25 23:10:10,574][    INFO] ===========> Epoch: 24, LR: 0.0000024, Previous best: 18.07
[2026-02-25 23:10:11,056][    INFO] Iters: 0, Total loss: 0.856
[2026-02-25 23:11:28,767][    INFO] ***** Evaluation ***** >>>> Class [0 background] IoU: 92.72
[2026-02-25 23:11:28,767][    INFO] ***** Evaluation ***** >>>> Class [1 epithelial tissue] IoU: 5.91
[2026-02-25 23:11:28,768][    INFO] ***** Evaluation ***** >>>> Class [2 slough] IoU: 0.00
[2026-02-25 23:11:28,768][    INFO] ***** Evaluation ***** >>>> Class [3 granulation tissue] IoU: 1.87
[2026-02-25 23:11:28,768][    INFO] ***** Evaluation ***** >>>> Class [4 necrotic tissue] IoU: 0.00
[2026-02-25 23:11:28,768][    INFO] ***** Evaluation ***** >>>> Class [5 other] IoU: 0.00
[2026-02-25 23:11:28,768][    INFO] ***** Evaluation original ***** >>>> MeanIoU: 16.75

[2026-02-25 23:11:29,379][    INFO] ===========> Epoch: 25, LR: 0.0000023, Previous best: 18.07
[2026-02-25 23:11:30,754][    INFO] Iters: 0, Total loss: 0.111
[2026-02-25 23:12:48,459][    INFO] ***** Evaluation ***** >>>> Class [0 background] IoU: 93.15
[2026-02-25 23:12:48,459][    INFO] ***** Evaluation ***** >>>> Class [1 epithelial tissue] IoU: 7.80
[2026-02-25 23:12:48,459][    INFO] ***** Evaluation ***** >>>> Class [2 slough] IoU: 0.00
[2026-02-25 23:12:48,460][    INFO] ***** Evaluation ***** >>>> Class [3 granulation tissue] IoU: 4.30
[2026-02-25 23:12:48,460][    INFO] ***** Evaluation ***** >>>> Class [4 necrotic tissue] IoU: 0.00
[2026-02-25 23:12:48,460][    INFO] ***** Evaluation ***** >>>> Class [5 other] IoU: 0.00
[2026-02-25 23:12:48,460][    INFO] ***** Evaluation original ***** >>>> MeanIoU: 17.54

[2026-02-25 23:12:49,046][    INFO] ===========> Epoch: 26, LR: 0.0000023, Previous best: 18.07
[2026-02-25 23:12:49,766][    INFO] Iters: 0, Total loss: 0.158
[2026-02-25 23:14:07,413][    INFO] ***** Evaluation ***** >>>> Class [0 background] IoU: 93.49
[2026-02-25 23:14:07,413][    INFO] ***** Evaluation ***** >>>> Class [1 epithelial tissue] IoU: 9.43
[2026-02-25 23:14:07,413][    INFO] ***** Evaluation ***** >>>> Class [2 slough] IoU: 0.00
[2026-02-25 23:14:07,413][    INFO] ***** Evaluation ***** >>>> Class [3 granulation tissue] IoU: 6.71
[2026-02-25 23:14:07,414][    INFO] ***** Evaluation ***** >>>> Class [4 necrotic tissue] IoU: 0.00
[2026-02-25 23:14:07,414][    INFO] ***** Evaluation ***** >>>> Class [5 other] IoU: 0.00
[2026-02-25 23:14:07,414][    INFO] ***** Evaluation original ***** >>>> MeanIoU: 18.27

[2026-02-25 23:14:08,571][    INFO] ===========> Epoch: 27, LR: 0.0000023, Previous best: 18.27
[2026-02-25 23:14:09,331][    INFO] Iters: 0, Total loss: 0.292
[2026-02-25 23:15:27,016][    INFO] ***** Evaluation ***** >>>> Class [0 background] IoU: 93.72
[2026-02-25 23:15:27,017][    INFO] ***** Evaluation ***** >>>> Class [1 epithelial tissue] IoU: 10.59
[2026-02-25 23:15:27,017][    INFO] ***** Evaluation ***** >>>> Class [2 slough] IoU: 0.00
[2026-02-25 23:15:27,017][    INFO] ***** Evaluation ***** >>>> Class [3 granulation tissue] IoU: 8.12
[2026-02-25 23:15:27,017][    INFO] ***** Evaluation ***** >>>> Class [4 necrotic tissue] IoU: 0.02
[2026-02-25 23:15:27,017][    INFO] ***** Evaluation ***** >>>> Class [5 other] IoU: 0.00
[2026-02-25 23:15:27,018][    INFO] ***** Evaluation original ***** >>>> MeanIoU: 18.74

[2026-02-25 23:15:28,152][    INFO] ===========> Epoch: 28, LR: 0.0000023, Previous best: 18.74
[2026-02-25 23:15:28,339][    INFO] Iters: 0, Total loss: 0.369
[2026-02-25 23:16:46,033][    INFO] ***** Evaluation ***** >>>> Class [0 background] IoU: 93.79
[2026-02-25 23:16:46,033][    INFO] ***** Evaluation ***** >>>> Class [1 epithelial tissue] IoU: 11.00
[2026-02-25 23:16:46,034][    INFO] ***** Evaluation ***** >>>> Class [2 slough] IoU: 0.00
[2026-02-25 23:16:46,034][    INFO] ***** Evaluation ***** >>>> Class [3 granulation tissue] IoU: 8.58
[2026-02-25 23:16:46,034][    INFO] ***** Evaluation ***** >>>> Class [4 necrotic tissue] IoU: 0.04
[2026-02-25 23:16:46,034][    INFO] ***** Evaluation ***** >>>> Class [5 other] IoU: 0.00
[2026-02-25 23:16:46,034][    INFO] ***** Evaluation original ***** >>>> MeanIoU: 18.90

[2026-02-25 23:16:47,195][    INFO] ===========> Epoch: 29, LR: 0.0000022, Previous best: 18.90
[2026-02-25 23:16:48,008][    INFO] Iters: 0, Total loss: 0.887
[2026-02-25 23:18:05,681][    INFO] ***** Evaluation ***** >>>> Class [0 background] IoU: 93.89
[2026-02-25 23:18:05,681][    INFO] ***** Evaluation ***** >>>> Class [1 epithelial tissue] IoU: 11.76
[2026-02-25 23:18:05,682][    INFO] ***** Evaluation ***** >>>> Class [2 slough] IoU: 0.00
[2026-02-25 23:18:05,682][    INFO] ***** Evaluation ***** >>>> Class [3 granulation tissue] IoU: 8.36
[2026-02-25 23:18:05,682][    INFO] ***** Evaluation ***** >>>> Class [4 necrotic tissue] IoU: 0.06
[2026-02-25 23:18:05,682][    INFO] ***** Evaluation ***** >>>> Class [5 other] IoU: 0.00
[2026-02-25 23:18:05,682][    INFO] ***** Evaluation original ***** >>>> MeanIoU: 19.01

[2026-02-25 23:18:06,823][    INFO] ===========> Epoch: 30, LR: 0.0000022, Previous best: 19.01
[2026-02-25 23:18:07,272][    INFO] Iters: 0, Total loss: 0.116
[2026-02-25 23:19:24,968][    INFO] ***** Evaluation ***** >>>> Class [0 background] IoU: 93.92
[2026-02-25 23:19:24,969][    INFO] ***** Evaluation ***** >>>> Class [1 epithelial tissue] IoU: 12.04
[2026-02-25 23:19:24,969][    INFO] ***** Evaluation ***** >>>> Class [2 slough] IoU: 0.00
[2026-02-25 23:19:24,969][    INFO] ***** Evaluation ***** >>>> Class [3 granulation tissue] IoU: 7.98
[2026-02-25 23:19:24,969][    INFO] ***** Evaluation ***** >>>> Class [4 necrotic tissue] IoU: 0.08
[2026-02-25 23:19:24,970][    INFO] ***** Evaluation ***** >>>> Class [5 other] IoU: 0.00
[2026-02-25 23:19:24,970][    INFO] ***** Evaluation original ***** >>>> MeanIoU: 19.00

[2026-02-25 23:19:25,566][    INFO] ===========> Epoch: 31, LR: 0.0000022, Previous best: 19.01
[2026-02-25 23:19:26,122][    INFO] Iters: 0, Total loss: 0.343
[2026-02-25 23:20:43,869][    INFO] ***** Evaluation ***** >>>> Class [0 background] IoU: 93.94
[2026-02-25 23:20:43,870][    INFO] ***** Evaluation ***** >>>> Class [1 epithelial tissue] IoU: 12.05
[2026-02-25 23:20:43,870][    INFO] ***** Evaluation ***** >>>> Class [2 slough] IoU: 0.00
[2026-02-25 23:20:43,870][    INFO] ***** Evaluation ***** >>>> Class [3 granulation tissue] IoU: 8.44
[2026-02-25 23:20:43,870][    INFO] ***** Evaluation ***** >>>> Class [4 necrotic tissue] IoU: 0.08
[2026-02-25 23:20:43,870][    INFO] ***** Evaluation ***** >>>> Class [5 other] IoU: 0.00
[2026-02-25 23:20:43,870][    INFO] ***** Evaluation original ***** >>>> MeanIoU: 19.08

[2026-02-25 23:20:45,037][    INFO] ===========> Epoch: 32, LR: 0.0000021, Previous best: 19.08
[2026-02-25 23:20:45,845][    INFO] Iters: 0, Total loss: 0.197
[2026-02-25 23:22:03,489][    INFO] ***** Evaluation ***** >>>> Class [0 background] IoU: 93.90
[2026-02-25 23:22:03,489][    INFO] ***** Evaluation ***** >>>> Class [1 epithelial tissue] IoU: 11.72
[2026-02-25 23:22:03,489][    INFO] ***** Evaluation ***** >>>> Class [2 slough] IoU: 0.00
[2026-02-25 23:22:03,489][    INFO] ***** Evaluation ***** >>>> Class [3 granulation tissue] IoU: 8.77
[2026-02-25 23:22:03,490][    INFO] ***** Evaluation ***** >>>> Class [4 necrotic tissue] IoU: 0.08
[2026-02-25 23:22:03,490][    INFO] ***** Evaluation ***** >>>> Class [5 other] IoU: 0.00
[2026-02-25 23:22:03,490][    INFO] ***** Evaluation original ***** >>>> MeanIoU: 19.08

[2026-02-25 23:22:04,112][    INFO] ===========> Epoch: 33, LR: 0.0000021, Previous best: 19.08
[2026-02-25 23:22:04,597][    INFO] Iters: 0, Total loss: 0.763
[2026-02-25 23:23:22,246][    INFO] ***** Evaluation ***** >>>> Class [0 background] IoU: 93.97
[2026-02-25 23:23:22,247][    INFO] ***** Evaluation ***** >>>> Class [1 epithelial tissue] IoU: 12.05
[2026-02-25 23:23:22,247][    INFO] ***** Evaluation ***** >>>> Class [2 slough] IoU: 0.00
[2026-02-25 23:23:22,247][    INFO] ***** Evaluation ***** >>>> Class [3 granulation tissue] IoU: 9.68
[2026-02-25 23:23:22,247][    INFO] ***** Evaluation ***** >>>> Class [4 necrotic tissue] IoU: 0.09
[2026-02-25 23:23:22,247][    INFO] ***** Evaluation ***** >>>> Class [5 other] IoU: 0.00
[2026-02-25 23:23:22,247][    INFO] ***** Evaluation original ***** >>>> MeanIoU: 19.30

[2026-02-25 23:23:23,399][    INFO] ===========> Epoch: 34, LR: 0.0000021, Previous best: 19.30
[2026-02-25 23:23:23,969][    INFO] Iters: 0, Total loss: 0.773
[2026-02-25 23:24:41,656][    INFO] ***** Evaluation ***** >>>> Class [0 background] IoU: 94.06
[2026-02-25 23:24:41,657][    INFO] ***** Evaluation ***** >>>> Class [1 epithelial tissue] IoU: 12.33
[2026-02-25 23:24:41,657][    INFO] ***** Evaluation ***** >>>> Class [2 slough] IoU: 0.00
[2026-02-25 23:24:41,657][    INFO] ***** Evaluation ***** >>>> Class [3 granulation tissue] IoU: 11.86
[2026-02-25 23:24:41,657][    INFO] ***** Evaluation ***** >>>> Class [4 necrotic tissue] IoU: 0.10
[2026-02-25 23:24:41,657][    INFO] ***** Evaluation ***** >>>> Class [5 other] IoU: 0.00
[2026-02-25 23:24:41,657][    INFO] ***** Evaluation original ***** >>>> MeanIoU: 19.73

[2026-02-25 23:24:42,840][    INFO] ===========> Epoch: 35, LR: 0.0000021, Previous best: 19.73
[2026-02-25 23:24:43,597][    INFO] Iters: 0, Total loss: 1.037
[2026-02-25 23:26:01,246][    INFO] ***** Evaluation ***** >>>> Class [0 background] IoU: 94.18
[2026-02-25 23:26:01,246][    INFO] ***** Evaluation ***** >>>> Class [1 epithelial tissue] IoU: 13.15
[2026-02-25 23:26:01,246][    INFO] ***** Evaluation ***** >>>> Class [2 slough] IoU: 0.00
[2026-02-25 23:26:01,246][    INFO] ***** Evaluation ***** >>>> Class [3 granulation tissue] IoU: 12.92
[2026-02-25 23:26:01,247][    INFO] ***** Evaluation ***** >>>> Class [4 necrotic tissue] IoU: 0.11
[2026-02-25 23:26:01,247][    INFO] ***** Evaluation ***** >>>> Class [5 other] IoU: 0.00
[2026-02-25 23:26:01,247][    INFO] ***** Evaluation original ***** >>>> MeanIoU: 20.06

[2026-02-25 23:26:02,429][    INFO] ===========> Epoch: 36, LR: 0.0000020, Previous best: 20.06
[2026-02-25 23:26:03,084][    INFO] Iters: 0, Total loss: 0.122
[2026-02-25 23:27:20,756][    INFO] ***** Evaluation ***** >>>> Class [0 background] IoU: 94.26
[2026-02-25 23:27:20,757][    INFO] ***** Evaluation ***** >>>> Class [1 epithelial tissue] IoU: 13.71
[2026-02-25 23:27:20,757][    INFO] ***** Evaluation ***** >>>> Class [2 slough] IoU: 0.00
[2026-02-25 23:27:20,757][    INFO] ***** Evaluation ***** >>>> Class [3 granulation tissue] IoU: 13.78
[2026-02-25 23:27:20,757][    INFO] ***** Evaluation ***** >>>> Class [4 necrotic tissue] IoU: 0.11
[2026-02-25 23:27:20,757][    INFO] ***** Evaluation ***** >>>> Class [5 other] IoU: 0.00
[2026-02-25 23:27:20,757][    INFO] ***** Evaluation original ***** >>>> MeanIoU: 20.31

[2026-02-25 23:27:21,906][    INFO] ===========> Epoch: 37, LR: 0.0000020, Previous best: 20.31
[2026-02-25 23:27:22,696][    INFO] Iters: 0, Total loss: 0.032
[2026-02-25 23:28:40,340][    INFO] ***** Evaluation ***** >>>> Class [0 background] IoU: 94.30
[2026-02-25 23:28:40,340][    INFO] ***** Evaluation ***** >>>> Class [1 epithelial tissue] IoU: 14.00
[2026-02-25 23:28:40,340][    INFO] ***** Evaluation ***** >>>> Class [2 slough] IoU: 0.00
[2026-02-25 23:28:40,340][    INFO] ***** Evaluation ***** >>>> Class [3 granulation tissue] IoU: 14.69
[2026-02-25 23:28:40,341][    INFO] ***** Evaluation ***** >>>> Class [4 necrotic tissue] IoU: 0.10
[2026-02-25 23:28:40,341][    INFO] ***** Evaluation ***** >>>> Class [5 other] IoU: 0.00
[2026-02-25 23:28:40,341][    INFO] ***** Evaluation original ***** >>>> MeanIoU: 20.52

[2026-02-25 23:28:41,481][    INFO] ===========> Epoch: 38, LR: 0.0000020, Previous best: 20.52
[2026-02-25 23:28:41,989][    INFO] Iters: 0, Total loss: 0.083
[2026-02-25 23:29:59,669][    INFO] ***** Evaluation ***** >>>> Class [0 background] IoU: 94.33
[2026-02-25 23:29:59,669][    INFO] ***** Evaluation ***** >>>> Class [1 epithelial tissue] IoU: 14.11
[2026-02-25 23:29:59,670][    INFO] ***** Evaluation ***** >>>> Class [2 slough] IoU: 0.00
[2026-02-25 23:29:59,670][    INFO] ***** Evaluation ***** >>>> Class [3 granulation tissue] IoU: 15.49
[2026-02-25 23:29:59,670][    INFO] ***** Evaluation ***** >>>> Class [4 necrotic tissue] IoU: 0.09
[2026-02-25 23:29:59,670][    INFO] ***** Evaluation ***** >>>> Class [5 other] IoU: 0.00
[2026-02-25 23:29:59,670][    INFO] ***** Evaluation original ***** >>>> MeanIoU: 20.67

[2026-02-25 23:30:00,820][    INFO] ===========> Epoch: 39, LR: 0.0000020, Previous best: 20.67
[2026-02-25 23:30:01,268][    INFO] Iters: 0, Total loss: 1.082
[2026-02-25 23:31:18,984][    INFO] ***** Evaluation ***** >>>> Class [0 background] IoU: 94.44
[2026-02-25 23:31:18,984][    INFO] ***** Evaluation ***** >>>> Class [1 epithelial tissue] IoU: 15.21
[2026-02-25 23:31:18,985][    INFO] ***** Evaluation ***** >>>> Class [2 slough] IoU: 0.00
[2026-02-25 23:31:18,985][    INFO] ***** Evaluation ***** >>>> Class [3 granulation tissue] IoU: 16.77
[2026-02-25 23:31:18,985][    INFO] ***** Evaluation ***** >>>> Class [4 necrotic tissue] IoU: 0.09
[2026-02-25 23:31:18,985][    INFO] ***** Evaluation ***** >>>> Class [5 other] IoU: 0.00
[2026-02-25 23:31:18,985][    INFO] ***** Evaluation original ***** >>>> MeanIoU: 21.09

[2026-02-25 23:31:20,117][    INFO] ===========> Epoch: 40, LR: 0.0000019, Previous best: 21.09
[2026-02-25 23:31:20,719][    INFO] Iters: 0, Total loss: 0.019
[2026-02-25 23:32:38,380][    INFO] ***** Evaluation ***** >>>> Class [0 background] IoU: 94.49
[2026-02-25 23:32:38,381][    INFO] ***** Evaluation ***** >>>> Class [1 epithelial tissue] IoU: 15.36
[2026-02-25 23:32:38,381][    INFO] ***** Evaluation ***** >>>> Class [2 slough] IoU: 0.00
[2026-02-25 23:32:38,381][    INFO] ***** Evaluation ***** >>>> Class [3 granulation tissue] IoU: 18.46
[2026-02-25 23:32:38,381][    INFO] ***** Evaluation ***** >>>> Class [4 necrotic tissue] IoU: 0.07
[2026-02-25 23:32:38,381][    INFO] ***** Evaluation ***** >>>> Class [5 other] IoU: 0.00
[2026-02-25 23:32:38,381][    INFO] ***** Evaluation original ***** >>>> MeanIoU: 21.40

[2026-02-25 23:32:39,561][    INFO] ===========> Epoch: 41, LR: 0.0000019, Previous best: 21.40
[2026-02-25 23:32:40,264][    INFO] Iters: 0, Total loss: 0.059
[2026-02-25 23:33:57,943][    INFO] ***** Evaluation ***** >>>> Class [0 background] IoU: 94.52
[2026-02-25 23:33:57,943][    INFO] ***** Evaluation ***** >>>> Class [1 epithelial tissue] IoU: 15.30
[2026-02-25 23:33:57,943][    INFO] ***** Evaluation ***** >>>> Class [2 slough] IoU: 0.00
[2026-02-25 23:33:57,944][    INFO] ***** Evaluation ***** >>>> Class [3 granulation tissue] IoU: 20.03
[2026-02-25 23:33:57,944][    INFO] ***** Evaluation ***** >>>> Class [4 necrotic tissue] IoU: 0.05
[2026-02-25 23:33:57,944][    INFO] ***** Evaluation ***** >>>> Class [5 other] IoU: 0.00
[2026-02-25 23:33:57,944][    INFO] ***** Evaluation original ***** >>>> MeanIoU: 21.65

[2026-02-25 23:33:59,090][    INFO] ===========> Epoch: 42, LR: 0.0000019, Previous best: 21.65
[2026-02-25 23:33:59,803][    INFO] Iters: 0, Total loss: 0.325
[2026-02-25 23:35:17,472][    INFO] ***** Evaluation ***** >>>> Class [0 background] IoU: 94.54
[2026-02-25 23:35:17,472][    INFO] ***** Evaluation ***** >>>> Class [1 epithelial tissue] IoU: 15.05
[2026-02-25 23:35:17,472][    INFO] ***** Evaluation ***** >>>> Class [2 slough] IoU: 0.00
[2026-02-25 23:35:17,473][    INFO] ***** Evaluation ***** >>>> Class [3 granulation tissue] IoU: 21.66
[2026-02-25 23:35:17,473][    INFO] ***** Evaluation ***** >>>> Class [4 necrotic tissue] IoU: 0.04
[2026-02-25 23:35:17,473][    INFO] ***** Evaluation ***** >>>> Class [5 other] IoU: 0.00
[2026-02-25 23:35:17,473][    INFO] ***** Evaluation original ***** >>>> MeanIoU: 21.88

[2026-02-25 23:35:18,628][    INFO] ===========> Epoch: 43, LR: 0.0000018, Previous best: 21.88
[2026-02-25 23:35:19,477][    INFO] Iters: 0, Total loss: 0.041
[2026-02-25 23:36:37,157][    INFO] ***** Evaluation ***** >>>> Class [0 background] IoU: 94.58
[2026-02-25 23:36:37,158][    INFO] ***** Evaluation ***** >>>> Class [1 epithelial tissue] IoU: 15.19
[2026-02-25 23:36:37,158][    INFO] ***** Evaluation ***** >>>> Class [2 slough] IoU: 0.00
[2026-02-25 23:36:37,158][    INFO] ***** Evaluation ***** >>>> Class [3 granulation tissue] IoU: 22.98
[2026-02-25 23:36:37,158][    INFO] ***** Evaluation ***** >>>> Class [4 necrotic tissue] IoU: 0.03
[2026-02-25 23:36:37,158][    INFO] ***** Evaluation ***** >>>> Class [5 other] IoU: 0.00
[2026-02-25 23:36:37,159][    INFO] ***** Evaluation original ***** >>>> MeanIoU: 22.13

[2026-02-25 23:36:38,296][    INFO] ===========> Epoch: 44, LR: 0.0000018, Previous best: 22.13
[2026-02-25 23:36:38,908][    INFO] Iters: 0, Total loss: 0.009
[2026-02-25 23:37:56,580][    INFO] ***** Evaluation ***** >>>> Class [0 background] IoU: 94.61
[2026-02-25 23:37:56,581][    INFO] ***** Evaluation ***** >>>> Class [1 epithelial tissue] IoU: 15.35
[2026-02-25 23:37:56,581][    INFO] ***** Evaluation ***** >>>> Class [2 slough] IoU: 0.00
[2026-02-25 23:37:56,581][    INFO] ***** Evaluation ***** >>>> Class [3 granulation tissue] IoU: 23.99
[2026-02-25 23:37:56,581][    INFO] ***** Evaluation ***** >>>> Class [4 necrotic tissue] IoU: 0.02
[2026-02-25 23:37:56,581][    INFO] ***** Evaluation ***** >>>> Class [5 other] IoU: 0.00
[2026-02-25 23:37:56,581][    INFO] ***** Evaluation original ***** >>>> MeanIoU: 22.33

[2026-02-25 23:37:57,704][    INFO] ===========> Epoch: 45, LR: 0.0000018, Previous best: 22.33
[2026-02-25 23:37:57,880][    INFO] Iters: 0, Total loss: 1.138
[2026-02-25 23:39:15,526][    INFO] ***** Evaluation ***** >>>> Class [0 background] IoU: 94.65
[2026-02-25 23:39:15,526][    INFO] ***** Evaluation ***** >>>> Class [1 epithelial tissue] IoU: 15.93
[2026-02-25 23:39:15,526][    INFO] ***** Evaluation ***** >>>> Class [2 slough] IoU: 0.00
[2026-02-25 23:39:15,527][    INFO] ***** Evaluation ***** >>>> Class [3 granulation tissue] IoU: 24.18
[2026-02-25 23:39:15,527][    INFO] ***** Evaluation ***** >>>> Class [4 necrotic tissue] IoU: 0.02
[2026-02-25 23:39:15,527][    INFO] ***** Evaluation ***** >>>> Class [5 other] IoU: 0.00
[2026-02-25 23:39:15,527][    INFO] ***** Evaluation original ***** >>>> MeanIoU: 22.46

[2026-02-25 23:39:16,692][    INFO] ===========> Epoch: 46, LR: 0.0000018, Previous best: 22.46
[2026-02-25 23:39:17,254][    INFO] Iters: 0, Total loss: 1.134
[2026-02-25 23:40:34,938][    INFO] ***** Evaluation ***** >>>> Class [0 background] IoU: 94.70
[2026-02-25 23:40:34,939][    INFO] ***** Evaluation ***** >>>> Class [1 epithelial tissue] IoU: 17.84
[2026-02-25 23:40:34,939][    INFO] ***** Evaluation ***** >>>> Class [2 slough] IoU: 0.00
[2026-02-25 23:40:34,939][    INFO] ***** Evaluation ***** >>>> Class [3 granulation tissue] IoU: 22.89
[2026-02-25 23:40:34,939][    INFO] ***** Evaluation ***** >>>> Class [4 necrotic tissue] IoU: 0.02
[2026-02-25 23:40:34,939][    INFO] ***** Evaluation ***** >>>> Class [5 other] IoU: 0.00
[2026-02-25 23:40:34,939][    INFO] ***** Evaluation original ***** >>>> MeanIoU: 22.58

[2026-02-25 23:40:36,115][    INFO] ===========> Epoch: 47, LR: 0.0000017, Previous best: 22.58
[2026-02-25 23:40:36,534][    INFO] Iters: 0, Total loss: 0.562
[2026-02-25 23:41:54,207][    INFO] ***** Evaluation ***** >>>> Class [0 background] IoU: 94.72
[2026-02-25 23:41:54,208][    INFO] ***** Evaluation ***** >>>> Class [1 epithelial tissue] IoU: 19.92
[2026-02-25 23:41:54,208][    INFO] ***** Evaluation ***** >>>> Class [2 slough] IoU: 0.00
[2026-02-25 23:41:54,208][    INFO] ***** Evaluation ***** >>>> Class [3 granulation tissue] IoU: 21.20
[2026-02-25 23:41:54,208][    INFO] ***** Evaluation ***** >>>> Class [4 necrotic tissue] IoU: 0.03
[2026-02-25 23:41:54,208][    INFO] ***** Evaluation ***** >>>> Class [5 other] IoU: 0.00
[2026-02-25 23:41:54,208][    INFO] ***** Evaluation original ***** >>>> MeanIoU: 22.64

[2026-02-25 23:41:55,368][    INFO] ===========> Epoch: 48, LR: 0.0000017, Previous best: 22.64
[2026-02-25 23:41:55,894][    INFO] Iters: 0, Total loss: 0.033
[2026-02-25 23:43:13,555][    INFO] ***** Evaluation ***** >>>> Class [0 background] IoU: 94.68
[2026-02-25 23:43:13,555][    INFO] ***** Evaluation ***** >>>> Class [1 epithelial tissue] IoU: 21.58
[2026-02-25 23:43:13,556][    INFO] ***** Evaluation ***** >>>> Class [2 slough] IoU: 0.00
[2026-02-25 23:43:13,556][    INFO] ***** Evaluation ***** >>>> Class [3 granulation tissue] IoU: 19.92
[2026-02-25 23:43:13,556][    INFO] ***** Evaluation ***** >>>> Class [4 necrotic tissue] IoU: 0.03
[2026-02-25 23:43:13,556][    INFO] ***** Evaluation ***** >>>> Class [5 other] IoU: 0.00
[2026-02-25 23:43:13,556][    INFO] ***** Evaluation original ***** >>>> MeanIoU: 22.70

[2026-02-25 23:43:14,712][    INFO] ===========> Epoch: 49, LR: 0.0000017, Previous best: 22.70
[2026-02-25 23:43:15,669][    INFO] Iters: 0, Total loss: 0.844
[2026-02-25 23:44:33,305][    INFO] ***** Evaluation ***** >>>> Class [0 background] IoU: 94.57
[2026-02-25 23:44:33,305][    INFO] ***** Evaluation ***** >>>> Class [1 epithelial tissue] IoU: 23.36
[2026-02-25 23:44:33,305][    INFO] ***** Evaluation ***** >>>> Class [2 slough] IoU: 0.00
[2026-02-25 23:44:33,306][    INFO] ***** Evaluation ***** >>>> Class [3 granulation tissue] IoU: 18.90
[2026-02-25 23:44:33,306][    INFO] ***** Evaluation ***** >>>> Class [4 necrotic tissue] IoU: 0.03
[2026-02-25 23:44:33,306][    INFO] ***** Evaluation ***** >>>> Class [5 other] IoU: 0.00
[2026-02-25 23:44:33,306][    INFO] ***** Evaluation original ***** >>>> MeanIoU: 22.81

[2026-02-25 23:44:34,473][    INFO] ===========> Epoch: 50, LR: 0.0000016, Previous best: 22.81
[2026-02-25 23:44:34,995][    INFO] Iters: 0, Total loss: 0.065
[2026-02-25 23:45:52,650][    INFO] ***** Evaluation ***** >>>> Class [0 background] IoU: 94.43
[2026-02-25 23:45:52,650][    INFO] ***** Evaluation ***** >>>> Class [1 epithelial tissue] IoU: 24.61
[2026-02-25 23:45:52,650][    INFO] ***** Evaluation ***** >>>> Class [2 slough] IoU: 0.00
[2026-02-25 23:45:52,650][    INFO] ***** Evaluation ***** >>>> Class [3 granulation tissue] IoU: 18.30
[2026-02-25 23:45:52,650][    INFO] ***** Evaluation ***** >>>> Class [4 necrotic tissue] IoU: 0.03
[2026-02-25 23:45:52,651][    INFO] ***** Evaluation ***** >>>> Class [5 other] IoU: 0.00
[2026-02-25 23:45:52,651][    INFO] ***** Evaluation original ***** >>>> MeanIoU: 22.90

[2026-02-25 23:45:53,824][    INFO] ===========> Epoch: 51, LR: 0.0000016, Previous best: 22.90
[2026-02-25 23:45:54,307][    INFO] Iters: 0, Total loss: 0.029
[2026-02-25 23:47:11,983][    INFO] ***** Evaluation ***** >>>> Class [0 background] IoU: 94.24
[2026-02-25 23:47:11,983][    INFO] ***** Evaluation ***** >>>> Class [1 epithelial tissue] IoU: 25.63
[2026-02-25 23:47:11,983][    INFO] ***** Evaluation ***** >>>> Class [2 slough] IoU: 0.00
[2026-02-25 23:47:11,983][    INFO] ***** Evaluation ***** >>>> Class [3 granulation tissue] IoU: 19.71
[2026-02-25 23:47:11,984][    INFO] ***** Evaluation ***** >>>> Class [4 necrotic tissue] IoU: 0.03
[2026-02-25 23:47:11,984][    INFO] ***** Evaluation ***** >>>> Class [5 other] IoU: 0.00
[2026-02-25 23:47:11,984][    INFO] ***** Evaluation original ***** >>>> MeanIoU: 23.27

[2026-02-25 23:47:13,122][    INFO] ===========> Epoch: 52, LR: 0.0000016, Previous best: 23.27
[2026-02-25 23:47:13,286][    INFO] Iters: 0, Total loss: 0.299
[2026-02-25 23:48:30,959][    INFO] ***** Evaluation ***** >>>> Class [0 background] IoU: 94.07
[2026-02-25 23:48:30,960][    INFO] ***** Evaluation ***** >>>> Class [1 epithelial tissue] IoU: 26.52
[2026-02-25 23:48:30,960][    INFO] ***** Evaluation ***** >>>> Class [2 slough] IoU: 0.00
[2026-02-25 23:48:30,960][    INFO] ***** Evaluation ***** >>>> Class [3 granulation tissue] IoU: 21.13
[2026-02-25 23:48:30,960][    INFO] ***** Evaluation ***** >>>> Class [4 necrotic tissue] IoU: 0.02
[2026-02-25 23:48:30,960][    INFO] ***** Evaluation ***** >>>> Class [5 other] IoU: 0.00
[2026-02-25 23:48:30,961][    INFO] ***** Evaluation original ***** >>>> MeanIoU: 23.62

[2026-02-25 23:48:32,109][    INFO] ===========> Epoch: 53, LR: 0.0000015, Previous best: 23.62
[2026-02-25 23:48:32,276][    INFO] Iters: 0, Total loss: 1.364
[2026-02-25 23:49:49,949][    INFO] ***** Evaluation ***** >>>> Class [0 background] IoU: 93.82
[2026-02-25 23:49:49,949][    INFO] ***** Evaluation ***** >>>> Class [1 epithelial tissue] IoU: 27.70
[2026-02-25 23:49:49,949][    INFO] ***** Evaluation ***** >>>> Class [2 slough] IoU: 0.00
[2026-02-25 23:49:49,949][    INFO] ***** Evaluation ***** >>>> Class [3 granulation tissue] IoU: 22.20
[2026-02-25 23:49:49,950][    INFO] ***** Evaluation ***** >>>> Class [4 necrotic tissue] IoU: 0.01
[2026-02-25 23:49:49,950][    INFO] ***** Evaluation ***** >>>> Class [5 other] IoU: 0.00
[2026-02-25 23:49:49,950][    INFO] ***** Evaluation original ***** >>>> MeanIoU: 23.95

[2026-02-25 23:49:51,077][    INFO] ===========> Epoch: 54, LR: 0.0000015, Previous best: 23.95
[2026-02-25 23:49:52,026][    INFO] Iters: 0, Total loss: 0.006
[2026-02-25 23:51:09,698][    INFO] ***** Evaluation ***** >>>> Class [0 background] IoU: 93.58
[2026-02-25 23:51:09,699][    INFO] ***** Evaluation ***** >>>> Class [1 epithelial tissue] IoU: 28.62
[2026-02-25 23:51:09,699][    INFO] ***** Evaluation ***** >>>> Class [2 slough] IoU: 0.00
[2026-02-25 23:51:09,699][    INFO] ***** Evaluation ***** >>>> Class [3 granulation tissue] IoU: 23.04
[2026-02-25 23:51:09,699][    INFO] ***** Evaluation ***** >>>> Class [4 necrotic tissue] IoU: 0.00
[2026-02-25 23:51:09,699][    INFO] ***** Evaluation ***** >>>> Class [5 other] IoU: 0.00
[2026-02-25 23:51:09,699][    INFO] ***** Evaluation original ***** >>>> MeanIoU: 24.21

[2026-02-25 23:51:10,817][    INFO] ===========> Epoch: 55, LR: 0.0000015, Previous best: 24.21
[2026-02-25 23:51:11,239][    INFO] Iters: 0, Total loss: 0.014
[2026-02-25 23:52:28,932][    INFO] ***** Evaluation ***** >>>> Class [0 background] IoU: 93.35
[2026-02-25 23:52:28,933][    INFO] ***** Evaluation ***** >>>> Class [1 epithelial tissue] IoU: 29.27
[2026-02-25 23:52:28,933][    INFO] ***** Evaluation ***** >>>> Class [2 slough] IoU: 0.00
[2026-02-25 23:52:28,933][    INFO] ***** Evaluation ***** >>>> Class [3 granulation tissue] IoU: 23.65
[2026-02-25 23:52:28,933][    INFO] ***** Evaluation ***** >>>> Class [4 necrotic tissue] IoU: 0.00
[2026-02-25 23:52:28,933][    INFO] ***** Evaluation ***** >>>> Class [5 other] IoU: 0.00
[2026-02-25 23:52:28,933][    INFO] ***** Evaluation original ***** >>>> MeanIoU: 24.38

[2026-02-25 23:52:30,061][    INFO] ===========> Epoch: 56, LR: 0.0000015, Previous best: 24.38
[2026-02-25 23:52:30,246][    INFO] Iters: 0, Total loss: 0.018
[2026-02-25 23:53:47,932][    INFO] ***** Evaluation ***** >>>> Class [0 background] IoU: 93.14
[2026-02-25 23:53:47,933][    INFO] ***** Evaluation ***** >>>> Class [1 epithelial tissue] IoU: 29.65
[2026-02-25 23:53:47,933][    INFO] ***** Evaluation ***** >>>> Class [2 slough] IoU: 0.00
[2026-02-25 23:53:47,933][    INFO] ***** Evaluation ***** >>>> Class [3 granulation tissue] IoU: 24.01
[2026-02-25 23:53:47,933][    INFO] ***** Evaluation ***** >>>> Class [4 necrotic tissue] IoU: 0.00
[2026-02-25 23:53:47,933][    INFO] ***** Evaluation ***** >>>> Class [5 other] IoU: 0.00
[2026-02-25 23:53:47,933][    INFO] ***** Evaluation original ***** >>>> MeanIoU: 24.47

[2026-02-25 23:53:49,053][    INFO] ===========> Epoch: 57, LR: 0.0000014, Previous best: 24.47
[2026-02-25 23:53:49,901][    INFO] Iters: 0, Total loss: 0.008
[2026-02-25 23:55:07,544][    INFO] ***** Evaluation ***** >>>> Class [0 background] IoU: 92.91
[2026-02-25 23:55:07,545][    INFO] ***** Evaluation ***** >>>> Class [1 epithelial tissue] IoU: 29.89
[2026-02-25 23:55:07,545][    INFO] ***** Evaluation ***** >>>> Class [2 slough] IoU: 0.00
[2026-02-25 23:55:07,545][    INFO] ***** Evaluation ***** >>>> Class [3 granulation tissue] IoU: 24.04
[2026-02-25 23:55:07,545][    INFO] ***** Evaluation ***** >>>> Class [4 necrotic tissue] IoU: 0.00
[2026-02-25 23:55:07,545][    INFO] ***** Evaluation ***** >>>> Class [5 other] IoU: 0.00
[2026-02-25 23:55:07,545][    INFO] ***** Evaluation original ***** >>>> MeanIoU: 24.47

[2026-02-25 23:55:08,697][    INFO] ===========> Epoch: 58, LR: 0.0000014, Previous best: 24.47
[2026-02-25 23:55:08,868][    INFO] Iters: 0, Total loss: 1.099
[2026-02-25 23:56:26,551][    INFO] ***** Evaluation ***** >>>> Class [0 background] IoU: 92.64
[2026-02-25 23:56:26,551][    INFO] ***** Evaluation ***** >>>> Class [1 epithelial tissue] IoU: 30.08
[2026-02-25 23:56:26,551][    INFO] ***** Evaluation ***** >>>> Class [2 slough] IoU: 0.00
[2026-02-25 23:56:26,552][    INFO] ***** Evaluation ***** >>>> Class [3 granulation tissue] IoU: 23.76
[2026-02-25 23:56:26,552][    INFO] ***** Evaluation ***** >>>> Class [4 necrotic tissue] IoU: 0.00
[2026-02-25 23:56:26,552][    INFO] ***** Evaluation ***** >>>> Class [5 other] IoU: 0.00
[2026-02-25 23:56:26,552][    INFO] ***** Evaluation original ***** >>>> MeanIoU: 24.41

[2026-02-25 23:56:27,121][    INFO] ===========> Epoch: 59, LR: 0.0000014, Previous best: 24.47
[2026-02-25 23:56:27,310][    INFO] Iters: 0, Total loss: 0.110
[2026-02-25 23:57:44,964][    INFO] ***** Evaluation ***** >>>> Class [0 background] IoU: 92.63
[2026-02-25 23:57:44,965][    INFO] ***** Evaluation ***** >>>> Class [1 epithelial tissue] IoU: 29.91
[2026-02-25 23:57:44,965][    INFO] ***** Evaluation ***** >>>> Class [2 slough] IoU: 0.00
[2026-02-25 23:57:44,965][    INFO] ***** Evaluation ***** >>>> Class [3 granulation tissue] IoU: 24.16
[2026-02-25 23:57:44,965][    INFO] ***** Evaluation ***** >>>> Class [4 necrotic tissue] IoU: 0.00
[2026-02-25 23:57:44,965][    INFO] ***** Evaluation ***** >>>> Class [5 other] IoU: 0.00
[2026-02-25 23:57:44,965][    INFO] ***** Evaluation original ***** >>>> MeanIoU: 24.45

[2026-02-25 23:57:45,541][    INFO] ===========> Epoch: 60, LR: 0.0000013, Previous best: 24.47
[2026-02-25 23:57:46,036][    INFO] Iters: 0, Total loss: 0.034
[2026-02-25 23:59:03,683][    INFO] ***** Evaluation ***** >>>> Class [0 background] IoU: 92.39
[2026-02-25 23:59:03,684][    INFO] ***** Evaluation ***** >>>> Class [1 epithelial tissue] IoU: 29.38
[2026-02-25 23:59:03,684][    INFO] ***** Evaluation ***** >>>> Class [2 slough] IoU: 0.00
[2026-02-25 23:59:03,684][    INFO] ***** Evaluation ***** >>>> Class [3 granulation tissue] IoU: 23.34
[2026-02-25 23:59:03,684][    INFO] ***** Evaluation ***** >>>> Class [4 necrotic tissue] IoU: 0.00
[2026-02-25 23:59:03,684][    INFO] ***** Evaluation ***** >>>> Class [5 other] IoU: 0.00
[2026-02-25 23:59:03,684][    INFO] ***** Evaluation original ***** >>>> MeanIoU: 24.18

[2026-02-25 23:59:04,265][    INFO] ===========> Epoch: 61, LR: 0.0000013, Previous best: 24.47
[2026-02-25 23:59:05,072][    INFO] Iters: 0, Total loss: 0.049
[2026-02-26 00:00:22,710][    INFO] ***** Evaluation ***** >>>> Class [0 background] IoU: 92.20
[2026-02-26 00:00:22,710][    INFO] ***** Evaluation ***** >>>> Class [1 epithelial tissue] IoU: 28.61
[2026-02-26 00:00:22,710][    INFO] ***** Evaluation ***** >>>> Class [2 slough] IoU: 0.00
[2026-02-26 00:00:22,710][    INFO] ***** Evaluation ***** >>>> Class [3 granulation tissue] IoU: 22.60
[2026-02-26 00:00:22,711][    INFO] ***** Evaluation ***** >>>> Class [4 necrotic tissue] IoU: 0.00
[2026-02-26 00:00:22,711][    INFO] ***** Evaluation ***** >>>> Class [5 other] IoU: 0.00
[2026-02-26 00:00:22,711][    INFO] ***** Evaluation original ***** >>>> MeanIoU: 23.90

[2026-02-26 00:00:23,290][    INFO] ===========> Epoch: 62, LR: 0.0000013, Previous best: 24.47
[2026-02-26 00:00:23,469][    INFO] Iters: 0, Total loss: 0.594
[2026-02-26 00:01:41,125][    INFO] ***** Evaluation ***** >>>> Class [0 background] IoU: 92.12
[2026-02-26 00:01:41,126][    INFO] ***** Evaluation ***** >>>> Class [1 epithelial tissue] IoU: 27.24
[2026-02-26 00:01:41,126][    INFO] ***** Evaluation ***** >>>> Class [2 slough] IoU: 0.00
[2026-02-26 00:01:41,126][    INFO] ***** Evaluation ***** >>>> Class [3 granulation tissue] IoU: 22.18
[2026-02-26 00:01:41,126][    INFO] ***** Evaluation ***** >>>> Class [4 necrotic tissue] IoU: 0.00
[2026-02-26 00:01:41,126][    INFO] ***** Evaluation ***** >>>> Class [5 other] IoU: 0.00
[2026-02-26 00:01:41,126][    INFO] ***** Evaluation original ***** >>>> MeanIoU: 23.59

[2026-02-26 00:01:41,695][    INFO] ===========> Epoch: 63, LR: 0.0000013, Previous best: 24.47
[2026-02-26 00:01:42,511][    INFO] Iters: 0, Total loss: 0.557
[2026-02-26 00:03:00,123][    INFO] ***** Evaluation ***** >>>> Class [0 background] IoU: 91.92
[2026-02-26 00:03:00,124][    INFO] ***** Evaluation ***** >>>> Class [1 epithelial tissue] IoU: 25.20
[2026-02-26 00:03:00,124][    INFO] ***** Evaluation ***** >>>> Class [2 slough] IoU: 0.00
[2026-02-26 00:03:00,124][    INFO] ***** Evaluation ***** >>>> Class [3 granulation tissue] IoU: 21.55
[2026-02-26 00:03:00,124][    INFO] ***** Evaluation ***** >>>> Class [4 necrotic tissue] IoU: 0.00
[2026-02-26 00:03:00,124][    INFO] ***** Evaluation ***** >>>> Class [5 other] IoU: 0.00
[2026-02-26 00:03:00,124][    INFO] ***** Evaluation original ***** >>>> MeanIoU: 23.11

[2026-02-26 00:03:00,694][    INFO] ===========> Epoch: 64, LR: 0.0000012, Previous best: 24.47
[2026-02-26 00:03:01,666][    INFO] Iters: 0, Total loss: 0.064
[2026-02-26 00:04:19,308][    INFO] ***** Evaluation ***** >>>> Class [0 background] IoU: 91.75
[2026-02-26 00:04:19,309][    INFO] ***** Evaluation ***** >>>> Class [1 epithelial tissue] IoU: 23.13
[2026-02-26 00:04:19,309][    INFO] ***** Evaluation ***** >>>> Class [2 slough] IoU: 0.00
[2026-02-26 00:04:19,309][    INFO] ***** Evaluation ***** >>>> Class [3 granulation tissue] IoU: 20.95
[2026-02-26 00:04:19,309][    INFO] ***** Evaluation ***** >>>> Class [4 necrotic tissue] IoU: 0.00
[2026-02-26 00:04:19,309][    INFO] ***** Evaluation ***** >>>> Class [5 other] IoU: 0.00
[2026-02-26 00:04:19,309][    INFO] ***** Evaluation original ***** >>>> MeanIoU: 22.64

[2026-02-26 00:04:19,889][    INFO] ===========> Epoch: 65, LR: 0.0000012, Previous best: 24.47
[2026-02-26 00:04:20,068][    INFO] Iters: 0, Total loss: 0.237
[2026-02-26 00:05:37,714][    INFO] ***** Evaluation ***** >>>> Class [0 background] IoU: 91.80
[2026-02-26 00:05:37,714][    INFO] ***** Evaluation ***** >>>> Class [1 epithelial tissue] IoU: 21.16
[2026-02-26 00:05:37,715][    INFO] ***** Evaluation ***** >>>> Class [2 slough] IoU: 0.00
[2026-02-26 00:05:37,715][    INFO] ***** Evaluation ***** >>>> Class [3 granulation tissue] IoU: 20.82
[2026-02-26 00:05:37,715][    INFO] ***** Evaluation ***** >>>> Class [4 necrotic tissue] IoU: 0.00
[2026-02-26 00:05:37,715][    INFO] ***** Evaluation ***** >>>> Class [5 other] IoU: 0.00
[2026-02-26 00:05:37,715][    INFO] ***** Evaluation original ***** >>>> MeanIoU: 22.30

[2026-02-26 00:05:38,317][    INFO] ===========> Epoch: 66, LR: 0.0000012, Previous best: 24.47
[2026-02-26 00:05:39,201][    INFO] Iters: 0, Total loss: 0.012
[2026-02-26 00:06:56,854][    INFO] ***** Evaluation ***** >>>> Class [0 background] IoU: 91.83
[2026-02-26 00:06:56,855][    INFO] ***** Evaluation ***** >>>> Class [1 epithelial tissue] IoU: 19.22
[2026-02-26 00:06:56,855][    INFO] ***** Evaluation ***** >>>> Class [2 slough] IoU: 0.00
[2026-02-26 00:06:56,855][    INFO] ***** Evaluation ***** >>>> Class [3 granulation tissue] IoU: 20.60
[2026-02-26 00:06:56,855][    INFO] ***** Evaluation ***** >>>> Class [4 necrotic tissue] IoU: 0.00
[2026-02-26 00:06:56,855][    INFO] ***** Evaluation ***** >>>> Class [5 other] IoU: 0.00
[2026-02-26 00:06:56,855][    INFO] ***** Evaluation original ***** >>>> MeanIoU: 21.94

[2026-02-26 00:06:57,457][    INFO] ===========> Epoch: 67, LR: 0.0000011, Previous best: 24.47
[2026-02-26 00:06:58,183][    INFO] Iters: 0, Total loss: 0.023
[2026-02-26 00:08:15,810][    INFO] ***** Evaluation ***** >>>> Class [0 background] IoU: 91.96
[2026-02-26 00:08:15,811][    INFO] ***** Evaluation ***** >>>> Class [1 epithelial tissue] IoU: 15.60
[2026-02-26 00:08:15,811][    INFO] ***** Evaluation ***** >>>> Class [2 slough] IoU: 0.00
[2026-02-26 00:08:15,811][    INFO] ***** Evaluation ***** >>>> Class [3 granulation tissue] IoU: 20.32
[2026-02-26 00:08:15,811][    INFO] ***** Evaluation ***** >>>> Class [4 necrotic tissue] IoU: 0.00
[2026-02-26 00:08:15,811][    INFO] ***** Evaluation ***** >>>> Class [5 other] IoU: 0.00
[2026-02-26 00:08:15,811][    INFO] ***** Evaluation original ***** >>>> MeanIoU: 21.31

[2026-02-26 00:08:16,410][    INFO] ===========> Epoch: 68, LR: 0.0000011, Previous best: 24.47
[2026-02-26 00:08:16,845][    INFO] Iters: 0, Total loss: 0.108
[2026-02-26 00:09:34,483][    INFO] ***** Evaluation ***** >>>> Class [0 background] IoU: 92.20
[2026-02-26 00:09:34,484][    INFO] ***** Evaluation ***** >>>> Class [1 epithelial tissue] IoU: 13.17
[2026-02-26 00:09:34,484][    INFO] ***** Evaluation ***** >>>> Class [2 slough] IoU: 0.00
[2026-02-26 00:09:34,484][    INFO] ***** Evaluation ***** >>>> Class [3 granulation tissue] IoU: 20.44
[2026-02-26 00:09:34,484][    INFO] ***** Evaluation ***** >>>> Class [4 necrotic tissue] IoU: 0.00
[2026-02-26 00:09:34,484][    INFO] ***** Evaluation ***** >>>> Class [5 other] IoU: 0.00
[2026-02-26 00:09:34,484][    INFO] ***** Evaluation original ***** >>>> MeanIoU: 20.97

[2026-02-26 00:09:35,090][    INFO] ===========> Epoch: 69, LR: 0.0000011, Previous best: 24.47
[2026-02-26 00:09:35,850][    INFO] Iters: 0, Total loss: 0.438
[2026-02-26 00:10:53,475][    INFO] ***** Evaluation ***** >>>> Class [0 background] IoU: 92.44
[2026-02-26 00:10:53,476][    INFO] ***** Evaluation ***** >>>> Class [1 epithelial tissue] IoU: 10.65
[2026-02-26 00:10:53,476][    INFO] ***** Evaluation ***** >>>> Class [2 slough] IoU: 0.00
[2026-02-26 00:10:53,476][    INFO] ***** Evaluation ***** >>>> Class [3 granulation tissue] IoU: 20.51
[2026-02-26 00:10:53,476][    INFO] ***** Evaluation ***** >>>> Class [4 necrotic tissue] IoU: 0.00
[2026-02-26 00:10:53,476][    INFO] ***** Evaluation ***** >>>> Class [5 other] IoU: 0.00
[2026-02-26 00:10:53,476][    INFO] ***** Evaluation original ***** >>>> MeanIoU: 20.60

[2026-02-26 00:10:54,071][    INFO] ===========> Epoch: 70, LR: 0.0000010, Previous best: 24.47
[2026-02-26 00:10:54,536][    INFO] Iters: 0, Total loss: 0.017
[2026-02-26 00:12:12,174][    INFO] ***** Evaluation ***** >>>> Class [0 background] IoU: 92.67
[2026-02-26 00:12:12,175][    INFO] ***** Evaluation ***** >>>> Class [1 epithelial tissue] IoU: 8.94
[2026-02-26 00:12:12,175][    INFO] ***** Evaluation ***** >>>> Class [2 slough] IoU: 0.00
[2026-02-26 00:12:12,175][    INFO] ***** Evaluation ***** >>>> Class [3 granulation tissue] IoU: 20.69
[2026-02-26 00:12:12,175][    INFO] ***** Evaluation ***** >>>> Class [4 necrotic tissue] IoU: 0.00
[2026-02-26 00:12:12,175][    INFO] ***** Evaluation ***** >>>> Class [5 other] IoU: 0.00
[2026-02-26 00:12:12,175][    INFO] ***** Evaluation original ***** >>>> MeanIoU: 20.38

[2026-02-26 00:12:12,774][    INFO] ===========> Epoch: 71, LR: 0.0000010, Previous best: 24.47
[2026-02-26 00:12:12,967][    INFO] Iters: 0, Total loss: 1.059
[2026-02-26 00:13:30,605][    INFO] ***** Evaluation ***** >>>> Class [0 background] IoU: 92.78
[2026-02-26 00:13:30,606][    INFO] ***** Evaluation ***** >>>> Class [1 epithelial tissue] IoU: 5.06
[2026-02-26 00:13:30,606][    INFO] ***** Evaluation ***** >>>> Class [2 slough] IoU: 0.00
[2026-02-26 00:13:30,606][    INFO] ***** Evaluation ***** >>>> Class [3 granulation tissue] IoU: 20.22
[2026-02-26 00:13:30,606][    INFO] ***** Evaluation ***** >>>> Class [4 necrotic tissue] IoU: 0.00
[2026-02-26 00:13:30,606][    INFO] ***** Evaluation ***** >>>> Class [5 other] IoU: 0.00
[2026-02-26 00:13:30,606][    INFO] ***** Evaluation original ***** >>>> MeanIoU: 19.68

[2026-02-26 00:13:31,193][    INFO] ===========> Epoch: 72, LR: 0.0000010, Previous best: 24.47
[2026-02-26 00:13:31,674][    INFO] Iters: 0, Total loss: 0.370
[2026-02-26 00:14:49,315][    INFO] ***** Evaluation ***** >>>> Class [0 background] IoU: 92.99
[2026-02-26 00:14:49,316][    INFO] ***** Evaluation ***** >>>> Class [1 epithelial tissue] IoU: 2.89
[2026-02-26 00:14:49,316][    INFO] ***** Evaluation ***** >>>> Class [2 slough] IoU: 0.00
[2026-02-26 00:14:49,316][    INFO] ***** Evaluation ***** >>>> Class [3 granulation tissue] IoU: 20.30
[2026-02-26 00:14:49,317][    INFO] ***** Evaluation ***** >>>> Class [4 necrotic tissue] IoU: 0.00
[2026-02-26 00:14:49,317][    INFO] ***** Evaluation ***** >>>> Class [5 other] IoU: 0.00
[2026-02-26 00:14:49,317][    INFO] ***** Evaluation original ***** >>>> MeanIoU: 19.36

[2026-02-26 00:14:49,909][    INFO] ===========> Epoch: 73, LR: 0.0000010, Previous best: 24.47
[2026-02-26 00:14:50,449][    INFO] Iters: 0, Total loss: 0.146
[2026-02-26 00:16:08,102][    INFO] ***** Evaluation ***** >>>> Class [0 background] IoU: 93.19
[2026-02-26 00:16:08,102][    INFO] ***** Evaluation ***** >>>> Class [1 epithelial tissue] IoU: 1.57
[2026-02-26 00:16:08,102][    INFO] ***** Evaluation ***** >>>> Class [2 slough] IoU: 0.00
[2026-02-26 00:16:08,102][    INFO] ***** Evaluation ***** >>>> Class [3 granulation tissue] IoU: 20.53
[2026-02-26 00:16:08,102][    INFO] ***** Evaluation ***** >>>> Class [4 necrotic tissue] IoU: 0.00
[2026-02-26 00:16:08,103][    INFO] ***** Evaluation ***** >>>> Class [5 other] IoU: 0.00
[2026-02-26 00:16:08,103][    INFO] ***** Evaluation original ***** >>>> MeanIoU: 19.22

[2026-02-26 00:16:08,699][    INFO] ===========> Epoch: 74, LR: 0.0000009, Previous best: 24.47
[2026-02-26 00:16:09,474][    INFO] Iters: 0, Total loss: 0.519
[2026-02-26 00:17:27,109][    INFO] ***** Evaluation ***** >>>> Class [0 background] IoU: 93.37
[2026-02-26 00:17:27,110][    INFO] ***** Evaluation ***** >>>> Class [1 epithelial tissue] IoU: 0.48
[2026-02-26 00:17:27,110][    INFO] ***** Evaluation ***** >>>> Class [2 slough] IoU: 0.00
[2026-02-26 00:17:27,110][    INFO] ***** Evaluation ***** >>>> Class [3 granulation tissue] IoU: 20.74
[2026-02-26 00:17:27,110][    INFO] ***** Evaluation ***** >>>> Class [4 necrotic tissue] IoU: 0.00
[2026-02-26 00:17:27,111][    INFO] ***** Evaluation ***** >>>> Class [5 other] IoU: 0.00
[2026-02-26 00:17:27,111][    INFO] ***** Evaluation original ***** >>>> MeanIoU: 19.10

[2026-02-26 00:17:27,710][    INFO] ===========> Epoch: 75, LR: 0.0000009, Previous best: 24.47
[2026-02-26 00:17:28,140][    INFO] Iters: 0, Total loss: 2.446
[2026-02-26 00:18:45,765][    INFO] ***** Evaluation ***** >>>> Class [0 background] IoU: 93.34
[2026-02-26 00:18:45,766][    INFO] ***** Evaluation ***** >>>> Class [1 epithelial tissue] IoU: 0.16
[2026-02-26 00:18:45,766][    INFO] ***** Evaluation ***** >>>> Class [2 slough] IoU: 0.00
[2026-02-26 00:18:45,766][    INFO] ***** Evaluation ***** >>>> Class [3 granulation tissue] IoU: 20.52
[2026-02-26 00:18:45,766][    INFO] ***** Evaluation ***** >>>> Class [4 necrotic tissue] IoU: 0.00
[2026-02-26 00:18:45,766][    INFO] ***** Evaluation ***** >>>> Class [5 other] IoU: 0.00
[2026-02-26 00:18:45,766][    INFO] ***** Evaluation original ***** >>>> MeanIoU: 19.00

[2026-02-26 00:18:46,365][    INFO] ===========> Epoch: 76, LR: 0.0000009, Previous best: 24.47
[2026-02-26 00:18:47,074][    INFO] Iters: 0, Total loss: 0.902
[2026-02-26 00:20:04,724][    INFO] ***** Evaluation ***** >>>> Class [0 background] IoU: 93.28
[2026-02-26 00:20:04,724][    INFO] ***** Evaluation ***** >>>> Class [1 epithelial tissue] IoU: 0.05
[2026-02-26 00:20:04,724][    INFO] ***** Evaluation ***** >>>> Class [2 slough] IoU: 0.00
[2026-02-26 00:20:04,725][    INFO] ***** Evaluation ***** >>>> Class [3 granulation tissue] IoU: 20.26
[2026-02-26 00:20:04,725][    INFO] ***** Evaluation ***** >>>> Class [4 necrotic tissue] IoU: 0.00
[2026-02-26 00:20:04,725][    INFO] ***** Evaluation ***** >>>> Class [5 other] IoU: 0.00
[2026-02-26 00:20:04,725][    INFO] ***** Evaluation original ***** >>>> MeanIoU: 18.93

[2026-02-26 00:20:05,327][    INFO] ===========> Epoch: 77, LR: 0.0000008, Previous best: 24.47
[2026-02-26 00:20:05,969][    INFO] Iters: 0, Total loss: 0.012
[2026-02-26 00:21:23,644][    INFO] ***** Evaluation ***** >>>> Class [0 background] IoU: 93.23
[2026-02-26 00:21:23,645][    INFO] ***** Evaluation ***** >>>> Class [1 epithelial tissue] IoU: 0.03
[2026-02-26 00:21:23,645][    INFO] ***** Evaluation ***** >>>> Class [2 slough] IoU: 0.00
[2026-02-26 00:21:23,645][    INFO] ***** Evaluation ***** >>>> Class [3 granulation tissue] IoU: 20.05
[2026-02-26 00:21:23,645][    INFO] ***** Evaluation ***** >>>> Class [4 necrotic tissue] IoU: 0.00
[2026-02-26 00:21:23,645][    INFO] ***** Evaluation ***** >>>> Class [5 other] IoU: 0.00
[2026-02-26 00:21:23,645][    INFO] ***** Evaluation original ***** >>>> MeanIoU: 18.88

[2026-02-26 00:21:24,250][    INFO] ===========> Epoch: 78, LR: 0.0000008, Previous best: 24.47
[2026-02-26 00:21:25,100][    INFO] Iters: 0, Total loss: 0.746
[2026-02-26 00:22:42,718][    INFO] ***** Evaluation ***** >>>> Class [0 background] IoU: 93.18
[2026-02-26 00:22:42,719][    INFO] ***** Evaluation ***** >>>> Class [1 epithelial tissue] IoU: 0.03
[2026-02-26 00:22:42,719][    INFO] ***** Evaluation ***** >>>> Class [2 slough] IoU: 0.00
[2026-02-26 00:22:42,719][    INFO] ***** Evaluation ***** >>>> Class [3 granulation tissue] IoU: 19.85
[2026-02-26 00:22:42,719][    INFO] ***** Evaluation ***** >>>> Class [4 necrotic tissue] IoU: 0.00
[2026-02-26 00:22:42,719][    INFO] ***** Evaluation ***** >>>> Class [5 other] IoU: 0.00
[2026-02-26 00:22:42,719][    INFO] ***** Evaluation original ***** >>>> MeanIoU: 18.84

[2026-02-26 00:22:43,355][    INFO] ===========> Epoch: 79, LR: 0.0000008, Previous best: 24.47
[2026-02-26 00:22:44,226][    INFO] Iters: 0, Total loss: 0.534
[2026-02-26 00:24:01,818][    INFO] ***** Evaluation ***** >>>> Class [0 background] IoU: 93.04
[2026-02-26 00:24:01,819][    INFO] ***** Evaluation ***** >>>> Class [1 epithelial tissue] IoU: 0.03
[2026-02-26 00:24:01,819][    INFO] ***** Evaluation ***** >>>> Class [2 slough] IoU: 0.00
[2026-02-26 00:24:01,819][    INFO] ***** Evaluation ***** >>>> Class [3 granulation tissue] IoU: 19.48
[2026-02-26 00:24:01,819][    INFO] ***** Evaluation ***** >>>> Class [4 necrotic tissue] IoU: 0.00
[2026-02-26 00:24:01,819][    INFO] ***** Evaluation ***** >>>> Class [5 other] IoU: 0.00
[2026-02-26 00:24:01,819][    INFO] ***** Evaluation original ***** >>>> MeanIoU: 18.76

[2026-02-26 00:24:02,402][    INFO] ===========> Epoch: 80, LR: 0.0000007, Previous best: 24.47
[2026-02-26 00:24:03,008][    INFO] Iters: 0, Total loss: 1.195
[2026-02-26 00:25:20,612][    INFO] ***** Evaluation ***** >>>> Class [0 background] IoU: 92.79
[2026-02-26 00:25:20,612][    INFO] ***** Evaluation ***** >>>> Class [1 epithelial tissue] IoU: 0.02
[2026-02-26 00:25:20,613][    INFO] ***** Evaluation ***** >>>> Class [2 slough] IoU: 0.00
[2026-02-26 00:25:20,613][    INFO] ***** Evaluation ***** >>>> Class [3 granulation tissue] IoU: 18.88
[2026-02-26 00:25:20,613][    INFO] ***** Evaluation ***** >>>> Class [4 necrotic tissue] IoU: 0.00
[2026-02-26 00:25:20,613][    INFO] ***** Evaluation ***** >>>> Class [5 other] IoU: 0.00
[2026-02-26 00:25:20,613][    INFO] ***** Evaluation original ***** >>>> MeanIoU: 18.61

[2026-02-26 00:25:21,191][    INFO] ===========> Epoch: 81, LR: 0.0000007, Previous best: 24.47
[2026-02-26 00:25:22,111][    INFO] Iters: 0, Total loss: 0.016
[2026-02-26 00:26:39,789][    INFO] ***** Evaluation ***** >>>> Class [0 background] IoU: 92.56
[2026-02-26 00:26:39,789][    INFO] ***** Evaluation ***** >>>> Class [1 epithelial tissue] IoU: 0.01
[2026-02-26 00:26:39,790][    INFO] ***** Evaluation ***** >>>> Class [2 slough] IoU: 0.00
[2026-02-26 00:26:39,790][    INFO] ***** Evaluation ***** >>>> Class [3 granulation tissue] IoU: 18.39
[2026-02-26 00:26:39,790][    INFO] ***** Evaluation ***** >>>> Class [4 necrotic tissue] IoU: 0.00
[2026-02-26 00:26:39,790][    INFO] ***** Evaluation ***** >>>> Class [5 other] IoU: 0.00
[2026-02-26 00:26:39,790][    INFO] ***** Evaluation original ***** >>>> MeanIoU: 18.49

[2026-02-26 00:26:40,368][    INFO] ===========> Epoch: 82, LR: 0.0000007, Previous best: 24.47
[2026-02-26 00:26:40,877][    INFO] Iters: 0, Total loss: 0.017
[2026-02-26 00:27:58,517][    INFO] ***** Evaluation ***** >>>> Class [0 background] IoU: 92.36
[2026-02-26 00:27:58,518][    INFO] ***** Evaluation ***** >>>> Class [1 epithelial tissue] IoU: 0.01
[2026-02-26 00:27:58,518][    INFO] ***** Evaluation ***** >>>> Class [2 slough] IoU: 0.00
[2026-02-26 00:27:58,518][    INFO] ***** Evaluation ***** >>>> Class [3 granulation tissue] IoU: 18.01
[2026-02-26 00:27:58,518][    INFO] ***** Evaluation ***** >>>> Class [4 necrotic tissue] IoU: 0.00
[2026-02-26 00:27:58,518][    INFO] ***** Evaluation ***** >>>> Class [5 other] IoU: 0.00
[2026-02-26 00:27:58,518][    INFO] ***** Evaluation original ***** >>>> MeanIoU: 18.40

[2026-02-26 00:27:59,092][    INFO] ===========> Epoch: 83, LR: 0.0000006, Previous best: 24.47
[2026-02-26 00:28:00,322][    INFO] Iters: 0, Total loss: 0.011
[2026-02-26 00:29:17,951][    INFO] ***** Evaluation ***** >>>> Class [0 background] IoU: 92.18
[2026-02-26 00:29:17,951][    INFO] ***** Evaluation ***** >>>> Class [1 epithelial tissue] IoU: 0.01
[2026-02-26 00:29:17,951][    INFO] ***** Evaluation ***** >>>> Class [2 slough] IoU: 0.00
[2026-02-26 00:29:17,951][    INFO] ***** Evaluation ***** >>>> Class [3 granulation tissue] IoU: 17.68
[2026-02-26 00:29:17,952][    INFO] ***** Evaluation ***** >>>> Class [4 necrotic tissue] IoU: 0.00
[2026-02-26 00:29:17,952][    INFO] ***** Evaluation ***** >>>> Class [5 other] IoU: 0.00
[2026-02-26 00:29:17,952][    INFO] ***** Evaluation original ***** >>>> MeanIoU: 18.31

[2026-02-26 00:29:18,523][    INFO] ===========> Epoch: 84, LR: 0.0000006, Previous best: 24.47
[2026-02-26 00:29:19,011][    INFO] Iters: 0, Total loss: 0.025
[2026-02-26 00:30:36,701][    INFO] ***** Evaluation ***** >>>> Class [0 background] IoU: 92.04
[2026-02-26 00:30:36,701][    INFO] ***** Evaluation ***** >>>> Class [1 epithelial tissue] IoU: 0.00
[2026-02-26 00:30:36,701][    INFO] ***** Evaluation ***** >>>> Class [2 slough] IoU: 0.00
[2026-02-26 00:30:36,702][    INFO] ***** Evaluation ***** >>>> Class [3 granulation tissue] IoU: 17.44
[2026-02-26 00:30:36,702][    INFO] ***** Evaluation ***** >>>> Class [4 necrotic tissue] IoU: 0.00
[2026-02-26 00:30:36,702][    INFO] ***** Evaluation ***** >>>> Class [5 other] IoU: 0.00
[2026-02-26 00:30:36,702][    INFO] ***** Evaluation original ***** >>>> MeanIoU: 18.25

[2026-02-26 00:30:37,279][    INFO] ===========> Epoch: 85, LR: 0.0000006, Previous best: 24.47
[2026-02-26 00:30:37,469][    INFO] Iters: 0, Total loss: 0.986
[2026-02-26 00:31:55,123][    INFO] ***** Evaluation ***** >>>> Class [0 background] IoU: 91.85
[2026-02-26 00:31:55,123][    INFO] ***** Evaluation ***** >>>> Class [1 epithelial tissue] IoU: 0.00
[2026-02-26 00:31:55,123][    INFO] ***** Evaluation ***** >>>> Class [2 slough] IoU: 0.00
[2026-02-26 00:31:55,124][    INFO] ***** Evaluation ***** >>>> Class [3 granulation tissue] IoU: 17.12
[2026-02-26 00:31:55,124][    INFO] ***** Evaluation ***** >>>> Class [4 necrotic tissue] IoU: 0.00
[2026-02-26 00:31:55,124][    INFO] ***** Evaluation ***** >>>> Class [5 other] IoU: 0.00
[2026-02-26 00:31:55,124][    INFO] ***** Evaluation original ***** >>>> MeanIoU: 18.16

[2026-02-26 00:31:55,683][    INFO] ===========> Epoch: 86, LR: 0.0000005, Previous best: 24.47
[2026-02-26 00:31:56,978][    INFO] Iters: 0, Total loss: 0.008
[2026-02-26 00:33:14,566][    INFO] ***** Evaluation ***** >>>> Class [0 background] IoU: 91.73
[2026-02-26 00:33:14,567][    INFO] ***** Evaluation ***** >>>> Class [1 epithelial tissue] IoU: 0.00
[2026-02-26 00:33:14,567][    INFO] ***** Evaluation ***** >>>> Class [2 slough] IoU: 0.00
[2026-02-26 00:33:14,567][    INFO] ***** Evaluation ***** >>>> Class [3 granulation tissue] IoU: 16.92
[2026-02-26 00:33:14,567][    INFO] ***** Evaluation ***** >>>> Class [4 necrotic tissue] IoU: 0.00
[2026-02-26 00:33:14,567][    INFO] ***** Evaluation ***** >>>> Class [5 other] IoU: 0.00
[2026-02-26 00:33:14,567][    INFO] ***** Evaluation original ***** >>>> MeanIoU: 18.11

[2026-02-26 00:33:15,139][    INFO] ===========> Epoch: 87, LR: 0.0000005, Previous best: 24.47
[2026-02-26 00:33:15,737][    INFO] Iters: 0, Total loss: 0.193
[2026-02-26 00:34:33,339][    INFO] ***** Evaluation ***** >>>> Class [0 background] IoU: 91.65
[2026-02-26 00:34:33,339][    INFO] ***** Evaluation ***** >>>> Class [1 epithelial tissue] IoU: 0.00
[2026-02-26 00:34:33,339][    INFO] ***** Evaluation ***** >>>> Class [2 slough] IoU: 0.00
[2026-02-26 00:34:33,340][    INFO] ***** Evaluation ***** >>>> Class [3 granulation tissue] IoU: 16.79
[2026-02-26 00:34:33,340][    INFO] ***** Evaluation ***** >>>> Class [4 necrotic tissue] IoU: 0.00
[2026-02-26 00:34:33,340][    INFO] ***** Evaluation ***** >>>> Class [5 other] IoU: 0.00
[2026-02-26 00:34:33,340][    INFO] ***** Evaluation original ***** >>>> MeanIoU: 18.07

[2026-02-26 00:34:33,932][    INFO] ===========> Epoch: 88, LR: 0.0000005, Previous best: 24.47
[2026-02-26 00:34:34,462][    INFO] Iters: 0, Total loss: 4.381
[2026-02-26 00:35:52,114][    INFO] ***** Evaluation ***** >>>> Class [0 background] IoU: 91.36
[2026-02-26 00:35:52,115][    INFO] ***** Evaluation ***** >>>> Class [1 epithelial tissue] IoU: 0.00
[2026-02-26 00:35:52,115][    INFO] ***** Evaluation ***** >>>> Class [2 slough] IoU: 0.00
[2026-02-26 00:35:52,115][    INFO] ***** Evaluation ***** >>>> Class [3 granulation tissue] IoU: 16.38
[2026-02-26 00:35:52,115][    INFO] ***** Evaluation ***** >>>> Class [4 necrotic tissue] IoU: 0.00
[2026-02-26 00:35:52,116][    INFO] ***** Evaluation ***** >>>> Class [5 other] IoU: 0.00
[2026-02-26 00:35:52,116][    INFO] ***** Evaluation original ***** >>>> MeanIoU: 17.96

[2026-02-26 00:35:52,722][    INFO] ===========> Epoch: 89, LR: 0.0000004, Previous best: 24.47
[2026-02-26 00:35:53,198][    INFO] Iters: 0, Total loss: 0.028
[2026-02-26 00:37:10,811][    INFO] ***** Evaluation ***** >>>> Class [0 background] IoU: 91.06
[2026-02-26 00:37:10,811][    INFO] ***** Evaluation ***** >>>> Class [1 epithelial tissue] IoU: 0.00
[2026-02-26 00:37:10,811][    INFO] ***** Evaluation ***** >>>> Class [2 slough] IoU: 0.00
[2026-02-26 00:37:10,812][    INFO] ***** Evaluation ***** >>>> Class [3 granulation tissue] IoU: 16.00
[2026-02-26 00:37:10,812][    INFO] ***** Evaluation ***** >>>> Class [4 necrotic tissue] IoU: 0.00
[2026-02-26 00:37:10,812][    INFO] ***** Evaluation ***** >>>> Class [5 other] IoU: 0.00
[2026-02-26 00:37:10,812][    INFO] ***** Evaluation original ***** >>>> MeanIoU: 17.84

[2026-02-26 00:37:11,382][    INFO] ===========> Epoch: 90, LR: 0.0000004, Previous best: 24.47
[2026-02-26 00:37:12,366][    INFO] Iters: 0, Total loss: 0.008
[2026-02-26 00:38:30,007][    INFO] ***** Evaluation ***** >>>> Class [0 background] IoU: 90.81
[2026-02-26 00:38:30,007][    INFO] ***** Evaluation ***** >>>> Class [1 epithelial tissue] IoU: 0.00
[2026-02-26 00:38:30,007][    INFO] ***** Evaluation ***** >>>> Class [2 slough] IoU: 0.00
[2026-02-26 00:38:30,007][    INFO] ***** Evaluation ***** >>>> Class [3 granulation tissue] IoU: 15.71
[2026-02-26 00:38:30,008][    INFO] ***** Evaluation ***** >>>> Class [4 necrotic tissue] IoU: 0.00
[2026-02-26 00:38:30,008][    INFO] ***** Evaluation ***** >>>> Class [5 other] IoU: 0.00
[2026-02-26 00:38:30,008][    INFO] ***** Evaluation original ***** >>>> MeanIoU: 17.75

[2026-02-26 00:38:30,580][    INFO] ===========> Epoch: 91, LR: 0.0000004, Previous best: 24.47
[2026-02-26 00:38:31,772][    INFO] Iters: 0, Total loss: 0.018
[2026-02-26 00:39:49,407][    INFO] ***** Evaluation ***** >>>> Class [0 background] IoU: 90.63
[2026-02-26 00:39:49,407][    INFO] ***** Evaluation ***** >>>> Class [1 epithelial tissue] IoU: 0.00
[2026-02-26 00:39:49,407][    INFO] ***** Evaluation ***** >>>> Class [2 slough] IoU: 0.00
[2026-02-26 00:39:49,407][    INFO] ***** Evaluation ***** >>>> Class [3 granulation tissue] IoU: 15.50
[2026-02-26 00:39:49,407][    INFO] ***** Evaluation ***** >>>> Class [4 necrotic tissue] IoU: 0.00
[2026-02-26 00:39:49,408][    INFO] ***** Evaluation ***** >>>> Class [5 other] IoU: 0.00
[2026-02-26 00:39:49,408][    INFO] ***** Evaluation original ***** >>>> MeanIoU: 17.69

[2026-02-26 00:39:49,969][    INFO] ===========> Epoch: 92, LR: 0.0000003, Previous best: 24.47
[2026-02-26 00:39:50,428][    INFO] Iters: 0, Total loss: 0.014
[2026-02-26 00:41:08,070][    INFO] ***** Evaluation ***** >>>> Class [0 background] IoU: 90.48
[2026-02-26 00:41:08,070][    INFO] ***** Evaluation ***** >>>> Class [1 epithelial tissue] IoU: 0.00
[2026-02-26 00:41:08,070][    INFO] ***** Evaluation ***** >>>> Class [2 slough] IoU: 0.00
[2026-02-26 00:41:08,071][    INFO] ***** Evaluation ***** >>>> Class [3 granulation tissue] IoU: 15.34
[2026-02-26 00:41:08,071][    INFO] ***** Evaluation ***** >>>> Class [4 necrotic tissue] IoU: 0.00
[2026-02-26 00:41:08,071][    INFO] ***** Evaluation ***** >>>> Class [5 other] IoU: 0.00
[2026-02-26 00:41:08,071][    INFO] ***** Evaluation original ***** >>>> MeanIoU: 17.64

[2026-02-26 00:41:08,648][    INFO] ===========> Epoch: 93, LR: 0.0000003, Previous best: 24.47
[2026-02-26 00:41:09,359][    INFO] Iters: 0, Total loss: 1.754
[2026-02-26 00:42:27,004][    INFO] ***** Evaluation ***** >>>> Class [0 background] IoU: 90.34
[2026-02-26 00:42:27,005][    INFO] ***** Evaluation ***** >>>> Class [1 epithelial tissue] IoU: 0.00
[2026-02-26 00:42:27,005][    INFO] ***** Evaluation ***** >>>> Class [2 slough] IoU: 0.00
[2026-02-26 00:42:27,005][    INFO] ***** Evaluation ***** >>>> Class [3 granulation tissue] IoU: 15.19
[2026-02-26 00:42:27,005][    INFO] ***** Evaluation ***** >>>> Class [4 necrotic tissue] IoU: 0.00
[2026-02-26 00:42:27,005][    INFO] ***** Evaluation ***** >>>> Class [5 other] IoU: 0.00
[2026-02-26 00:42:27,005][    INFO] ***** Evaluation original ***** >>>> MeanIoU: 17.59

[2026-02-26 00:42:27,594][    INFO] ===========> Epoch: 94, LR: 0.0000003, Previous best: 24.47
[2026-02-26 00:42:28,210][    INFO] Iters: 0, Total loss: 0.953
[2026-02-26 00:43:45,843][    INFO] ***** Evaluation ***** >>>> Class [0 background] IoU: 90.20
[2026-02-26 00:43:45,844][    INFO] ***** Evaluation ***** >>>> Class [1 epithelial tissue] IoU: 0.00
[2026-02-26 00:43:45,844][    INFO] ***** Evaluation ***** >>>> Class [2 slough] IoU: 0.00
[2026-02-26 00:43:45,844][    INFO] ***** Evaluation ***** >>>> Class [3 granulation tissue] IoU: 15.04
[2026-02-26 00:43:45,844][    INFO] ***** Evaluation ***** >>>> Class [4 necrotic tissue] IoU: 0.00
[2026-02-26 00:43:45,844][    INFO] ***** Evaluation ***** >>>> Class [5 other] IoU: 0.00
[2026-02-26 00:43:45,844][    INFO] ***** Evaluation original ***** >>>> MeanIoU: 17.54

[2026-02-26 00:43:46,437][    INFO] ===========> Epoch: 95, LR: 0.0000002, Previous best: 24.47
[2026-02-26 00:43:46,905][    INFO] Iters: 0, Total loss: 0.734
[2026-02-26 00:45:04,534][    INFO] ***** Evaluation ***** >>>> Class [0 background] IoU: 90.11
[2026-02-26 00:45:04,535][    INFO] ***** Evaluation ***** >>>> Class [1 epithelial tissue] IoU: 0.00
[2026-02-26 00:45:04,535][    INFO] ***** Evaluation ***** >>>> Class [2 slough] IoU: 0.00
[2026-02-26 00:45:04,535][    INFO] ***** Evaluation ***** >>>> Class [3 granulation tissue] IoU: 14.95
[2026-02-26 00:45:04,535][    INFO] ***** Evaluation ***** >>>> Class [4 necrotic tissue] IoU: 0.00
[2026-02-26 00:45:04,535][    INFO] ***** Evaluation ***** >>>> Class [5 other] IoU: 0.00
[2026-02-26 00:45:04,536][    INFO] ***** Evaluation original ***** >>>> MeanIoU: 17.51

[2026-02-26 00:45:05,138][    INFO] ===========> Epoch: 96, LR: 0.0000002, Previous best: 24.47
[2026-02-26 00:45:05,713][    INFO] Iters: 0, Total loss: 0.252
[2026-02-26 00:46:23,353][    INFO] ***** Evaluation ***** >>>> Class [0 background] IoU: 90.07
[2026-02-26 00:46:23,353][    INFO] ***** Evaluation ***** >>>> Class [1 epithelial tissue] IoU: 0.00
[2026-02-26 00:46:23,353][    INFO] ***** Evaluation ***** >>>> Class [2 slough] IoU: 0.00
[2026-02-26 00:46:23,354][    INFO] ***** Evaluation ***** >>>> Class [3 granulation tissue] IoU: 14.91
[2026-02-26 00:46:23,354][    INFO] ***** Evaluation ***** >>>> Class [4 necrotic tissue] IoU: 0.00
[2026-02-26 00:46:23,354][    INFO] ***** Evaluation ***** >>>> Class [5 other] IoU: 0.00
[2026-02-26 00:46:23,354][    INFO] ***** Evaluation original ***** >>>> MeanIoU: 17.50

[2026-02-26 00:46:23,937][    INFO] ===========> Epoch: 97, LR: 0.0000002, Previous best: 24.47
[2026-02-26 00:46:25,034][    INFO] Iters: 0, Total loss: 0.039
[2026-02-26 00:47:42,622][    INFO] ***** Evaluation ***** >>>> Class [0 background] IoU: 90.04
[2026-02-26 00:47:42,622][    INFO] ***** Evaluation ***** >>>> Class [1 epithelial tissue] IoU: 0.00
[2026-02-26 00:47:42,622][    INFO] ***** Evaluation ***** >>>> Class [2 slough] IoU: 0.00
[2026-02-26 00:47:42,623][    INFO] ***** Evaluation ***** >>>> Class [3 granulation tissue] IoU: 14.89
[2026-02-26 00:47:42,623][    INFO] ***** Evaluation ***** >>>> Class [4 necrotic tissue] IoU: 0.00
[2026-02-26 00:47:42,623][    INFO] ***** Evaluation ***** >>>> Class [5 other] IoU: 0.00
[2026-02-26 00:47:42,623][    INFO] ***** Evaluation original ***** >>>> MeanIoU: 17.49

[2026-02-26 00:47:43,215][    INFO] ===========> Epoch: 98, LR: 0.0000001, Previous best: 24.47
[2026-02-26 00:47:43,923][    INFO] Iters: 0, Total loss: 0.036
[2026-02-26 00:49:01,544][    INFO] ***** Evaluation ***** >>>> Class [0 background] IoU: 90.03
[2026-02-26 00:49:01,545][    INFO] ***** Evaluation ***** >>>> Class [1 epithelial tissue] IoU: 0.00
[2026-02-26 00:49:01,545][    INFO] ***** Evaluation ***** >>>> Class [2 slough] IoU: 0.00
[2026-02-26 00:49:01,545][    INFO] ***** Evaluation ***** >>>> Class [3 granulation tissue] IoU: 14.88
[2026-02-26 00:49:01,545][    INFO] ***** Evaluation ***** >>>> Class [4 necrotic tissue] IoU: 0.00
[2026-02-26 00:49:01,545][    INFO] ***** Evaluation ***** >>>> Class [5 other] IoU: 0.00
[2026-02-26 00:49:01,546][    INFO] ***** Evaluation original ***** >>>> MeanIoU: 17.49

[2026-02-26 00:49:02,147][    INFO] ===========> Epoch: 99, LR: 0.0000001, Previous best: 24.47
[2026-02-26 00:49:02,513][    INFO] Iters: 0, Total loss: 0.104
[2026-02-26 00:50:20,144][    INFO] ***** Evaluation ***** >>>> Class [0 background] IoU: 90.03
[2026-02-26 00:50:20,145][    INFO] ***** Evaluation ***** >>>> Class [1 epithelial tissue] IoU: 0.00
[2026-02-26 00:50:20,145][    INFO] ***** Evaluation ***** >>>> Class [2 slough] IoU: 0.00
[2026-02-26 00:50:20,145][    INFO] ***** Evaluation ***** >>>> Class [3 granulation tissue] IoU: 14.88
[2026-02-26 00:50:20,145][    INFO] ***** Evaluation ***** >>>> Class [4 necrotic tissue] IoU: 0.00
[2026-02-26 00:50:20,145][    INFO] ***** Evaluation ***** >>>> Class [5 other] IoU: 0.00
[2026-02-26 00:50:20,145][    INFO] ***** Evaluation original ***** >>>> MeanIoU: 17.48

gpu609-08:2563196:2563276 [1] NCCL INFO [Service thread] Connection closed by localRank 1
wandb: updating run metadata
gpu609-08:2563196:2589574 [1] NCCL INFO comm 0xe35f5a0 rank 1 nranks 2 cudaDev 1 busId 62000 - Abort COMPLETE
wandb: uploading output.log; uploading wandb-summary.json
wandb: uploading output.log; uploading wandb-summary.json; uploading config.yaml
wandb: uploading output.log; uploading config.yaml
wandb: uploading output.log
wandb: uploading history steps 99-99, summary, console lines 999-1005
wandb: 
wandb: Run history:
wandb:      eval/mIoU ▁▆▅▅▅▅▅▅▅▅▅▅▅▆▆▆▆▆▇▇▇▇████████▇▇▇▆▆▆▆▆▆▆
wandb: train/loss_all ▄▄▃▂▃▁▁▁▄▂▂▂▁▂▂▃▂▁▃▁▁▁▁▃▁▁▁▁▃▁▅▂▂▁▁█▁▁▁▃
wandb:   train/loss_x ▄▃▃▂▂▁▁▁▁▄▁▂▁▁▂▁▂▂▁▁▁▃▁▁▁▂▁▁▁▂▃▁▁▁█▁▁▄▁▁
wandb:       train/lr ███▇▇▇▇▇▇▇▇▆▆▆▆▅▅▅▅▅▅▄▄▄▄▄▃▃▃▃▃▂▂▂▂▂▁▁▁▁
wandb: 
wandb: Run summary:
wandb:      eval/mIoU 17.48479
wandb: train/loss_all 0.10381
wandb:   train/loss_x 0.10381
wandb:       train/lr 0.0
wandb: 
wandb: 🚀 View run fancy-cloud-12 at: https://wandb.ai/anon_user/unimatch-v2-table-baselines/runs/8oouukx7
wandb: ⭐️ View project at: https://wandb.ai/anon_user/unimatch-v2-table-baselines
wandb: Synced 6 W&B file(s), 0 media file(s), 0 artifact file(s) and 0 other file(s)
wandb: Find logs at: exp/lutseg/supervised_table_baseline/dinov2_base/1_16/seed0/wandb/run-20260225_223809-8oouukx7/logs
[rank0]:[W226 00:50:24.717819222 ProcessGroupNCCL.cpp:1496] Warning: WARNING: destroy_process_group() was not called before program exit, which can leak resources. For more info, please see https://pytorch.org/docs/stable/distributed.html#shutdown (function operator())
gpu609-08:2563195:2563277 [0] NCCL INFO [Service thread] Connection closed by localRank 0
gpu609-08:2563195:2589586 [0] NCCL INFO comm 0xb954290 rank 0 nranks 2 cudaDev 0 busId 61000 - Abort COMPLETE
